Terminated
Terminated
Terminated
Terminated
Terminated
Terminated
Terminated
Terminated
Terminated
Terminated
Terminated
Terminated
Terminated
Terminated
Terminated
Terminated
Terminated
Terminated
Terminated
Terminated
Terminated
Terminated
Terminated
Terminated
Terminated
Terminated
Terminated
Terminated
Terminated
Terminated
Terminated
Terminated
Terminated
Terminated
Terminated
Terminated
Terminated
Terminated
Terminated
Terminated
Terminated
Terminated
Terminated
Terminated
Terminated
Terminated
Terminated
Terminated
Terminated
Terminated
Terminated
Terminated
Terminated
Terminated
Terminated
Terminated
Terminated
Terminated
Terminated
Terminated
Terminated
Terminated
Terminated
Terminated
Terminated
Terminated
Terminated
Terminated
Terminated
Terminated
Terminated
Terminated
Terminated
Terminated
Terminated
Terminated
Terminated
Terminated
Terminated
Terminated
Terminated
Terminated
Terminated
Terminated
Terminated
Terminated
Terminated
Terminated
Terminated
Terminated
Terminated
Terminated
Terminated
Terminated
Terminated
Terminated
Terminated
Terminated
Terminated
Terminated
Terminated
Terminated
Terminated
Terminated
Terminated
Terminated
Terminated
Terminated
Terminated
Terminated
Terminated
Terminated
Terminated
Terminated
Terminated
Terminated
Terminated
Terminated
Terminated
Terminated
Terminated
Terminated
Terminated
Terminated
Terminated
Terminated
Terminated
Terminated
Terminated
Terminated
Terminated
Terminated
Terminated
Terminated
Terminated
Terminated
Terminated
Terminated
Terminated
Terminated
Terminated
Terminated
Terminated
Terminated
Terminated
Terminated
Terminated
Terminated
Terminated
Terminated
Terminated
Terminated
Terminated
Terminated
Terminated
Terminated
Terminated
Terminated
Terminated
Terminated
Terminated
Terminated
Terminated
Terminated
Terminated
Terminated
Terminated
Terminated
Terminated
Terminated
Terminated
Terminated
Terminated
Terminated
Terminated
Terminated
Terminated
Terminated
Terminated
Terminated
Terminated
Terminated
Terminated
Terminated
Terminated
Terminated
Terminated
Terminated
Terminated
Terminated
Terminated
Terminated
Terminated
Terminated
Terminated
Terminated
Terminated
Terminated
Terminated
Terminated
Terminated
Terminated
Terminated
Terminated
Terminated
Terminated
Terminated
Terminated
Terminated
Terminated
	Experiment 8 done
Rate 0.8 done
	Experiment 17 done
Rate 0.8 done
	Experiment 9 done
Rate 0.8 done
	Experiment 15 done
Rate 0.8 done
	Experiment 24 done
Rate 0.8 done
	Experiment 10 done
Rate 0.8 done
	Experiment 13 done
Rate 0.8 done
	Experiment 29 done
Rate 0.8 done
	Experiment 14 done
Rate 0.8 done
	Experiment 23 done
Rate 0.8 done
	Experiment 11 done
Rate 0.8 done
	Experiment 7 done
Rate 0.8 done
	Experiment 21 done
Rate 0.8 done
	Experiment 22 done
Rate 0.8 done
	Experiment 3 done
Rate 0.8 done
	Experiment 1 done
Rate 0.8 done
	Experiment 5 done
Rate 0.8 done
	Experiment 27 done
Rate 0.8 done
	Experiment 6 done
Rate 0.8 done
	Experiment 18 done
Rate 0.8 done
	Experiment 25 done
Rate 0.8 done
	Experiment 4 done
Rate 0.8 done
	Experiment 12 done
Rate 0.8 done
	Experiment 26 done
Rate 0.8 done
	Experiment 20 done
Rate 0.8 done
	Experiment 28 done
Rate 0.8 done
	Experiment 0 done
Rate 0.8 done
	Experiment 19 done
Rate 0.8 done
	Experiment 16 done
Rate 0.8 done
	Experiment 2 done
Rate 0.8 done
	Experiment 24 done
Rate 1.15 done
	Experiment 8 done
Rate 1.15 done
	Experiment 29 done
Rate 1.15 done
	Experiment 7 done
Rate 1.15 done
	Experiment 15 done
Rate 1.15 done
	Experiment 23 done
Rate 1.15 done
	Experiment 5 done
Rate 1.15 done
	Experiment 3 done
Rate 1.15 done
	Experiment 21 done
Rate 1.15 done
	Experiment 17 done
Rate 1.15 done
	Experiment 11 done
Rate 1.15 done
	Experiment 6 done
Rate 1.15 done
	Experiment 18 done
Rate 1.15 done
	Experiment 12 done
Rate 1.15 done
	Experiment 13 done
Rate 1.15 done
	Experiment 10 done
Rate 1.15 done
	Experiment 20 done
Rate 1.15 done
	Experiment 4 done
Rate 1.15 done
	Experiment 22 done
Rate 1.15 done
	Experiment 25 done
Rate 1.15 done
	Experiment 27 done
Rate 1.15 done
	Experiment 26 done
Rate 1.15 done
	Experiment 28 done
Rate 1.15 done
	Experiment 9 done
Rate 1.15 done
	Experiment 19 done
Rate 1.15 done
	Experiment 0 done
Rate 1.15 done
	Experiment 14 done
Rate 1.15 done
	Experiment 1 done
Rate 1.15 done
	Experiment 2 done
Rate 1.15 done
	Experiment 16 done
Rate 1.15 done
	Experiment 24 done
Rate 0.85 done
	Experiment 23 done
Rate 0.85 done
	Experiment 7 done
Rate 0.85 done
	Experiment 3 done
Rate 0.85 done
	Experiment 17 done
Rate 0.85 done
	Experiment 8 done
Rate 0.85 done
	Experiment 21 done
Rate 0.85 done
	Experiment 11 done
Rate 0.85 done
	Experiment 5 done
Rate 0.85 done
	Experiment 6 done
Rate 0.85 done
	Experiment 10 done
Rate 0.85 done
	Experiment 15 done
Rate 0.85 done
	Experiment 20 done
Rate 0.85 done
	Experiment 18 done
Rate 0.85 done
	Experiment 12 done
Rate 0.85 done
	Experiment 22 done
Rate 0.85 done
	Experiment 27 done
Rate 0.85 done
	Experiment 25 done
Rate 0.85 done
	Experiment 4 done
Rate 0.85 done
	Experiment 28 done
Rate 0.85 done
	Experiment 29 done
Rate 0.85 done
	Experiment 26 done
Rate 0.85 done
	Experiment 13 done
Rate 0.85 done
	Experiment 19 done
Rate 0.85 done
	Experiment 14 done
Rate 0.85 done
	Experiment 9 done
Rate 0.85 done
	Experiment 0 done
Rate 0.85 done
	Experiment 1 done
Rate 0.85 done
	Experiment 2 done
Rate 0.85 done
	Experiment 16 done
Rate 0.85 done
	Experiment 24 done
Rate 1.1 done
	Experiment 23 done
Rate 1.1 done
	Experiment 17 done
Rate 1.1 done
	Experiment 21 done
Rate 1.1 done
	Experiment 5 done
Rate 1.1 done
	Experiment 6 done
Rate 1.1 done
	Experiment 15 done
Rate 1.1 done
	Experiment 11 done
Rate 1.1 done
	Experiment 18 done
Rate 1.1 done
	Experiment 20 done
Rate 1.1 done
	Experiment 7 done
Rate 1.1 done
	Experiment 4 done
Rate 1.1 done
	Experiment 10 done
Rate 1.1 done
	Experiment 25 done
Rate 1.1 done
	Experiment 8 done
Rate 1.1 done
	Experiment 28 done
Rate 1.1 done
	Experiment 3 done
Rate 1.1 done
	Experiment 22 done
Rate 1.1 done
	Experiment 27 done
Rate 1.1 done
	Experiment 12 done
Rate 1.1 done
	Experiment 13 done
Rate 1.1 done
	Experiment 14 done
Rate 1.1 done
	Experiment 19 done
Rate 1.1 done
	Experiment 26 done
Rate 1.1 done
	Experiment 29 done
Rate 1.1 done
	Experiment 0 done
Rate 1.1 done
	Experiment 9 done
Rate 1.1 done
	Experiment 1 done
Rate 1.1 done
	Experiment 2 done
Rate 1.1 done
	Experiment 16 done
Rate 1.1 done
	Experiment 17 done
Rate 0.9 done
	Experiment 23 done
Rate 0.9 done
	Experiment 21 done
Rate 0.9 done
	Experiment 5 done
Rate 0.9 done
	Experiment 6 done
Rate 0.9 done
	Experiment 11 done
Rate 0.9 done
	Experiment 15 done
Rate 0.9 done
	Experiment 18 done
Rate 0.9 done
	Experiment 24 done
Rate 0.9 done
	Experiment 4 done
Rate 0.9 done
	Experiment 8 done
Rate 0.9 done
	Experiment 25 done
Rate 0.9 done
	Experiment 28 done
Rate 0.9 done
	Experiment 20 done
Rate 0.9 done
	Experiment 22 done
Rate 0.9 done
	Experiment 3 done
Rate 0.9 done
	Experiment 10 done
Rate 0.9 done
	Experiment 12 done
Rate 0.9 done
	Experiment 27 done
Rate 0.9 done
	Experiment 14 done
Rate 0.9 done
	Experiment 19 done
Rate 0.9 done
	Experiment 7 done
Rate 0.9 done
	Experiment 26 done
Rate 0.9 done
	Experiment 0 done
Rate 0.9 done
	Experiment 29 done
Rate 0.9 done
	Experiment 9 done
Rate 0.9 done
	Experiment 13 done
Rate 0.9 done
	Experiment 2 done
Rate 0.9 done
	Experiment 1 done
Rate 0.9 done
	Experiment 16 done
Rate 0.9 done
	Experiment 17 done
Rate 0.95 done
	Experiment 23 done
Rate 0.95 done
	Experiment 5 done
Rate 0.95 done
	Experiment 11 done
Rate 0.95 done
	Experiment 6 done
Rate 0.95 done
	Experiment 18 done
Rate 0.95 done
	Experiment 21 done
Rate 0.95 done
	Experiment 24 done
Rate 0.95 done
	Experiment 4 done
Rate 0.95 done
	Experiment 8 done
Rate 0.95 done
	Experiment 25 done
Rate 0.95 done
	Experiment 28 done
Rate 0.95 done
	Experiment 22 done
Rate 0.95 done
	Experiment 20 done
Rate 0.95 done
	Experiment 15 done
Rate 0.95 done
	Experiment 3 done
Rate 0.95 done
	Experiment 10 done
Rate 0.95 done
	Experiment 27 done
Rate 0.95 done
	Experiment 12 done
Rate 0.95 done
	Experiment 14 done
Rate 0.95 done
	Experiment 26 done
Rate 0.95 done
	Experiment 7 done
Rate 0.95 done
	Experiment 29 done
Rate 0.95 done
	Experiment 0 done
Rate 0.95 done
	Experiment 13 done
Rate 0.95 done
	Experiment 9 done
Rate 0.95 done
	Experiment 19 done
Rate 0.95 done
	Experiment 2 done
Rate 0.95 done
	Experiment 1 done
Rate 0.95 done
	Experiment 16 done
Rate 0.95 done
	Experiment 17 done
Rate 1.0 done
	Experiment 23 done
Rate 1.0 done
	Experiment 5 done
Rate 1.0 done
	Experiment 11 done
Rate 1.0 done
	Experiment 6 done
Rate 1.0 done
	Experiment 18 done
Rate 1.0 done
	Experiment 21 done
Rate 1.0 done
	Experiment 24 done
Rate 1.0 done
	Experiment 25 done
Rate 1.0 done
	Experiment 8 done
Rate 1.0 done
	Experiment 28 done
Rate 1.0 done
	Experiment 20 done
Rate 1.0 done
	Experiment 15 done
Rate 1.0 done
	Experiment 4 done
Rate 1.0 done
	Experiment 3 done
Rate 1.0 done
	Experiment 22 done
Rate 1.0 done
	Experiment 10 done
Rate 1.0 done
	Experiment 12 done
Rate 1.0 done
	Experiment 14 done
Rate 1.0 done
	Experiment 29 done
Rate 1.0 done
	Experiment 26 done
Rate 1.0 done
	Experiment 0 done
Rate 1.0 done
	Experiment 13 done
Rate 1.0 done
	Experiment 9 done
Rate 1.0 done
	Experiment 7 done
Rate 1.0 done
	Experiment 19 done
Rate 1.0 done
	Experiment 27 done
Rate 1.0 done
	Experiment 16 done
Rate 1.0 done
	Experiment 1 done
Rate 1.0 done
	Experiment 2 done
Rate 1.0 done
	Experiment 23 done
Rate 1.05 done
	Experiment 17 done
Rate 1.05 done
	Experiment 6 done
Rate 1.05 done
	Experiment 11 done
Rate 1.05 done
	Experiment 5 done
Rate 1.05 done
	Experiment 21 done
Rate 1.05 done
	Experiment 24 done
Rate 1.05 done
	Experiment 18 done
Rate 1.05 done
	Experiment 25 done
Rate 1.05 done
	Experiment 8 done
Rate 1.05 done
	Experiment 20 done
Rate 1.05 done
	Experiment 15 done
Rate 1.05 done
	Experiment 3 done
Rate 1.05 done
	Experiment 28 done
Rate 1.05 done
	Experiment 10 done
Rate 1.05 done
	Experiment 12 done
Rate 1.05 done
	Experiment 22 done
Rate 1.05 done
	Experiment 4 done
Rate 1.05 done
	Experiment 14 done
Rate 1.05 done
	Experiment 29 done
Rate 1.05 done
	Experiment 26 done
Rate 1.05 done
	Experiment 0 done
Rate 1.05 done
	Experiment 13 done
Rate 1.05 done
	Experiment 19 done
Rate 1.05 done
	Experiment 9 done
Rate 1.05 done
	Experiment 27 done
Rate 1.05 done
	Experiment 7 done
Rate 1.05 done
	Experiment 16 done
Rate 1.05 done
	Experiment 1 done
Rate 1.05 done
	Experiment 2 done
Rate 1.05 done
	Experiment 8 done
Rate 0.79 done
	Experiment 20 done
Rate 0.79 done
	Experiment 21 done
Rate 0.79 done
	Experiment 2 done
Rate 0.79 done
	Experiment 15 done
Rate 0.79 done
	Experiment 11 done
Rate 0.79 done
	Experiment 19 done
Rate 0.79 done
	Experiment 25 done
Rate 0.79 done
	Experiment 26 done
Rate 0.79 done
	Experiment 6 done
Rate 0.79 done
	Experiment 0 done
Rate 0.79 done
	Experiment 7 done
Rate 0.79 done
	Experiment 4 done
Rate 0.79 done
	Experiment 9 done
Rate 0.79 done
	Experiment 3 done
Rate 0.79 done
	Experiment 28 done
Rate 0.79 done
	Experiment 1 done
Rate 0.79 done
	Experiment 22 done
Rate 0.79 done
	Experiment 14 done
Rate 0.79 done
	Experiment 5 done
Rate 0.79 done
	Experiment 24 done
Rate 0.79 done
	Experiment 29 done
Rate 0.79 done
	Experiment 12 done
Rate 0.79 done
	Experiment 13 done
Rate 0.79 done
	Experiment 17 done
Rate 0.79 done
	Experiment 23 done
Rate 0.79 done
	Experiment 16 done
Rate 0.79 done
	Experiment 10 done
Rate 0.79 done
	Experiment 27 done
Rate 0.79 done
	Experiment 18 done
Rate 0.79 done
	Experiment 20 done
Rate 0.81 done
	Experiment 8 done
Rate 0.81 done
	Experiment 2 done
Rate 0.81 done
	Experiment 0 done
Rate 0.81 done
	Experiment 21 done
Rate 0.81 done
	Experiment 15 done
Rate 0.81 done
	Experiment 19 done
Rate 0.81 done
	Experiment 3 done
Rate 0.81 done
	Experiment 26 done
Rate 0.81 done
	Experiment 9 done
Rate 0.81 done
	Experiment 11 done
Rate 0.81 done
	Experiment 6 done
Rate 0.81 done
	Experiment 7 done
Rate 0.81 done
	Experiment 13 done
Rate 0.81 done
	Experiment 22 done
Rate 0.81 done
	Experiment 1 done
Rate 0.81 done
	Experiment 17 done
Rate 0.81 done
	Experiment 23 done
Rate 0.81 done
	Experiment 12 done
Rate 0.81 done
	Experiment 4 done
Rate 0.81 done
	Experiment 24 done
Rate 0.81 done
	Experiment 5 done
Rate 0.81 done
	Experiment 28 done
Rate 0.81 done
	Experiment 29 done
Rate 0.81 done
	Experiment 25 done
Rate 0.81 done
	Experiment 14 done
Rate 0.81 done
	Experiment 16 done
Rate 0.81 done
	Experiment 10 done
Rate 0.81 done
	Experiment 27 done
Rate 0.81 done
	Experiment 18 done
Rate 0.81 done
	Experiment 8 done
Rate 0.83 done
	Experiment 0 done
Rate 0.83 done
	Experiment 26 done
Rate 0.83 done
	Experiment 20 done
Rate 0.83 done
	Experiment 2 done
Rate 0.83 done
	Experiment 7 done
Rate 0.83 done
	Experiment 11 done
Rate 0.83 done
	Experiment 19 done
Rate 0.83 done
	Experiment 13 done
Rate 0.83 done
	Experiment 9 done
Rate 0.83 done
	Experiment 21 done
Rate 0.83 done
	Experiment 24 done
Rate 0.83 done
	Experiment 6 done
Rate 0.83 done
	Experiment 3 done
Rate 0.83 done
	Experiment 12 done
Rate 0.83 done
	Experiment 23 done
Rate 0.83 done
	Experiment 17 done
Rate 0.83 done
	Experiment 22 done
Rate 0.83 done
	Experiment 1 done
Rate 0.83 done
	Experiment 28 done
Rate 0.83 done
	Experiment 4 done
Rate 0.83 done
	Experiment 15 done
Rate 0.83 done
	Experiment 25 done
Rate 0.83 done
	Experiment 5 done
Rate 0.83 done
	Experiment 16 done
Rate 0.83 done
	Experiment 29 done
Rate 0.83 done
	Experiment 14 done
Rate 0.83 done
	Experiment 10 done
Rate 0.83 done
	Experiment 27 done
Rate 0.83 done
	Experiment 18 done
Rate 0.83 done
	Experiment 0 done
Rate 0.85 done
	Experiment 2 done
Rate 0.85 done
	Experiment 11 done
Rate 0.85 done
	Experiment 9 done
Rate 0.85 done
	Experiment 13 done
Rate 0.85 done
	Experiment 19 done
Rate 0.85 done
	Experiment 12 done
Rate 0.85 done
	Experiment 20 done
Rate 0.85 done
	Experiment 7 done
Rate 0.85 done
	Experiment 26 done
Rate 0.85 done
	Experiment 23 done
Rate 0.85 done
	Experiment 22 done
Rate 0.85 done
	Experiment 21 done
Rate 0.85 done
	Experiment 8 done
Rate 0.85 done
	Experiment 17 done
Rate 0.85 done
	Experiment 3 done
Rate 0.85 done
	Experiment 1 done
Rate 0.85 done
	Experiment 4 done
Rate 0.85 done
	Experiment 15 done
Rate 0.85 done
	Experiment 24 done
Rate 0.85 done
	Experiment 6 done
Rate 0.85 done
	Experiment 28 done
Rate 0.85 done
	Experiment 25 done
Rate 0.85 done
	Experiment 5 done
Rate 0.85 done
	Experiment 14 done
Rate 0.85 done
	Experiment 29 done
Rate 0.85 done
	Experiment 10 done
Rate 0.85 done
	Experiment 16 done
Rate 0.85 done
	Experiment 27 done
Rate 0.85 done
	Experiment 18 done
Rate 0.85 done
	Experiment 0 done
Rate 0.87 done
	Experiment 11 done
Rate 0.87 done
	Experiment 7 done
Rate 0.87 done
	Experiment 19 done
Rate 0.87 done
	Experiment 23 done
Rate 0.87 done
	Experiment 20 done
Rate 0.87 done
	Experiment 12 done
Rate 0.87 done
	Experiment 22 done
Rate 0.87 done
	Experiment 21 done
Rate 0.87 done
	Experiment 3 done
Rate 0.87 done
	Experiment 8 done
Rate 0.87 done
	Experiment 17 done
Rate 0.87 done
	Experiment 1 done
Rate 0.87 done
	Experiment 24 done
Rate 0.87 done
	Experiment 6 done
Rate 0.87 done
	Experiment 4 done
Rate 0.87 done
	Experiment 2 done
Rate 0.87 done
	Experiment 15 done
Rate 0.87 done
	Experiment 28 done
Rate 0.87 done
	Experiment 25 done
Rate 0.87 done
	Experiment 9 done
Rate 0.87 done
	Experiment 13 done
Rate 0.87 done
	Experiment 5 done
Rate 0.87 done
	Experiment 26 done
Rate 0.87 done
	Experiment 14 done
Rate 0.87 done
	Experiment 10 done
Rate 0.87 done
	Experiment 16 done
Rate 0.87 done
	Experiment 29 done
Rate 0.87 done
	Experiment 27 done
Rate 0.87 done
	Experiment 18 done
Rate 0.87 done
	Experiment 11 done
Rate 0.89 done
	Experiment 7 done
Rate 0.89 done
	Experiment 0 done
Rate 0.89 done
	Experiment 19 done
Rate 0.89 done
	Experiment 12 done
Rate 0.89 done
	Experiment 20 done
Rate 0.89 done
	Experiment 23 done
Rate 0.89 done
	Experiment 21 done
Rate 0.89 done
	Experiment 6 done
Rate 0.89 done
	Experiment 24 done
Rate 0.89 done
	Experiment 3 done
Rate 0.89 done
	Experiment 4 done
Rate 0.89 done
	Experiment 1 done
Rate 0.89 done
	Experiment 2 done
Rate 0.89 done
	Experiment 15 done
Rate 0.89 done
	Experiment 28 done
Rate 0.89 done
	Experiment 17 done
Rate 0.89 done
	Experiment 22 done
Rate 0.89 done
	Experiment 8 done
Rate 0.89 done
	Experiment 5 done
Rate 0.89 done
	Experiment 13 done
Rate 0.89 done
	Experiment 14 done
Rate 0.89 done
	Experiment 25 done
Rate 0.89 done
	Experiment 26 done
Rate 0.89 done
	Experiment 9 done
Rate 0.89 done
	Experiment 10 done
Rate 0.89 done
	Experiment 16 done
Rate 0.89 done
	Experiment 29 done
Rate 0.89 done
	Experiment 27 done
Rate 0.89 done
	Experiment 11 done
Rate 0.91 done
	Experiment 7 done
Rate 0.91 done
	Experiment 19 done
Rate 0.91 done
	Experiment 0 done
Rate 0.91 done
	Experiment 20 done
Rate 0.91 done
	Experiment 12 done
Rate 0.91 done
	Experiment 21 done
Rate 0.91 done
	Experiment 23 done
Rate 0.91 done
	Experiment 6 done
Rate 0.91 done
	Experiment 24 done
Rate 0.91 done
	Experiment 3 done
Rate 0.91 done
	Experiment 1 done
Rate 0.91 done
	Experiment 18 done
Rate 0.89 done
	Experiment 28 done
Rate 0.91 done
	Experiment 2 done
Rate 0.91 done
	Experiment 15 done
Rate 0.91 done
	Experiment 4 done
Rate 0.91 done
	Experiment 17 done
Rate 0.91 done
	Experiment 5 done
Rate 0.91 done
	Experiment 22 done
Rate 0.91 done
	Experiment 13 done
Rate 0.91 done
	Experiment 14 done
Rate 0.91 done
	Experiment 25 done
Rate 0.91 done
	Experiment 26 done
Rate 0.91 done
	Experiment 16 done
Rate 0.91 done
	Experiment 8 done
Rate 0.91 done
	Experiment 29 done
Rate 0.91 done
	Experiment 27 done
Rate 0.91 done
	Experiment 9 done
Rate 0.91 done
	Experiment 10 done
Rate 0.91 done
	Experiment 11 done
Rate 0.93 done
	Experiment 7 done
Rate 0.93 done
	Experiment 19 done
Rate 0.93 done
	Experiment 20 done
Rate 0.93 done
	Experiment 12 done
Rate 0.93 done
	Experiment 0 done
Rate 0.93 done
	Experiment 6 done
Rate 0.93 done
	Experiment 23 done
Rate 0.93 done
	Experiment 21 done
Rate 0.93 done
	Experiment 1 done
Rate 0.93 done
	Experiment 3 done
Rate 0.93 done
	Experiment 18 done
Rate 0.91 done
	Experiment 28 done
Rate 0.93 done
	Experiment 2 done
Rate 0.93 done
	Experiment 15 done
Rate 0.93 done
	Experiment 24 done
Rate 0.93 done
	Experiment 5 done
Rate 0.93 done
	Experiment 17 done
Rate 0.93 done
	Experiment 22 done
Rate 0.93 done
	Experiment 4 done
Rate 0.93 done
	Experiment 25 done
Rate 0.93 done
	Experiment 14 done
Rate 0.93 done
	Experiment 13 done
Rate 0.93 done
	Experiment 26 done
Rate 0.93 done
	Experiment 16 done
Rate 0.93 done
	Experiment 8 done
Rate 0.93 done
	Experiment 29 done
Rate 0.93 done
/usr/bin/ld: ../../lib/libns3.41-network-debug.so: undefined reference to `ns3::PacketSocket::PacketSocket()'
/usr/bin/ld: ../../lib/libns3.41-network-debug.so: undefined reference to `ns3::PacketSocket::SetNode(ns3::Ptr<ns3::Node>)'
/usr/bin/ld: ../../lib/libns3.41-network-debug.so: undefined reference to `ns3::PacketSocket::GetTypeId()'
collect2: error: ld returned 1 exit status
gmake[3]: *** [src/fd-net-device/CMakeFiles/tap-device-creator.dir/build.make:135: src/fd-net-device/ns3.41-tap-device-creator-debug] Error 1
gmake[2]: *** [CMakeFiles/Makefile2:3247: src/fd-net-device/CMakeFiles/tap-device-creator.dir/all] Error 2
gmake[2]: *** Waiting for unfinished jobs....
/usr/bin/ld: ../../lib/libns3.41-network-debug.so: undefined reference to `ns3::PacketSocket::PacketSocket()'
/usr/bin/ld: ../../lib/libns3.41-network-debug.so: undefined reference to `ns3::PacketSocket::SetNode(ns3::Ptr<ns3::Node>)'
/usr/bin/ld: ../../lib/libns3.41-network-debug.so: undefined reference to `ns3::PacketSocket::GetTypeId()'
collect2: error: ld returned 1 exit status
gmake[3]: *** [src/fd-net-device/CMakeFiles/tap-device-creator.dir/build.make:135: src/fd-net-device/ns3.41-tap-device-creator-debug] Error 1
gmake[2]: *** [CMakeFiles/Makefile2:3247: src/fd-net-device/CMakeFiles/tap-device-creator.dir/all] Error 2
gmake[2]: *** Waiting for unfinished jobs....
gmake[1]: *** [CMakeFiles/Makefile2:5169: scratch/ECNMC/CMakeFiles/scratch_ECNMC_DatacenterSimulation.dir/rule] Error 2
gmake: *** [Makefile:1977: scratch_ECNMC_DatacenterSimulation] Error 2
mv: cannot stat '/media/experiments/ns-allinone-3.41/ns-3.41/scratch/ECNMC/results_forward/28/*.csv': No such file or directory
gmake[1]: *** [CMakeFiles/Makefile2:5169: scratch/ECNMC/CMakeFiles/scratch_ECNMC_DatacenterSimulation.dir/rule] Error 2
gmake: *** [Makefile:1977: scratch_ECNMC_DatacenterSimulation] Error 2
mv: cannot stat '/media/experiments/ns-allinone-3.41/ns-3.41/scratch/ECNMC/results_forward/10/*.csv': No such file or directory
/usr/bin/ld: ../../lib/libns3.41-network-debug.so: undefined reference to `ns3::PacketSocket::PacketSocket()'
/usr/bin/ld: ../../lib/libns3.41-network-debug.so: undefined reference to `ns3::PacketSocket::SetNode(ns3::Ptr<ns3::Node>)'
/usr/bin/ld: ../../lib/libns3.41-network-debug.so: undefined reference to `ns3::PacketSocket::GetTypeId()'
collect2: error: ld returned 1 exit status
gmake[3]: *** [src/fd-net-device/CMakeFiles/tap-device-creator.dir/build.make:135: src/fd-net-device/ns3.41-tap-device-creator-debug] Error 1
gmake[2]: *** [CMakeFiles/Makefile2:3247: src/fd-net-device/CMakeFiles/tap-device-creator.dir/all] Error 2
gmake[2]: *** Waiting for unfinished jobs....
/usr/bin/ld: ../../lib/libns3.41-network-debug.so: undefined reference to `ns3::PacketSocket::PacketSocket()'
/usr/bin/ld: ../../lib/libns3.41-network-debug.so: undefined reference to `ns3::PacketSocket::SetNode(ns3::Ptr<ns3::Node>)'
/usr/bin/ld: ../../lib/libns3.41-network-debug.so: undefined reference to `ns3::PacketSocket::GetTypeId()'
collect2: error: ld returned 1 exit status
gmake[3]: *** [src/fd-net-device/CMakeFiles/tap-device-creator.dir/build.make:135: src/fd-net-device/ns3.41-tap-device-creator-debug] Error 1
gmake[2]: *** [CMakeFiles/Makefile2:3247: src/fd-net-device/CMakeFiles/tap-device-creator.dir/all] Error 2
gmake[2]: *** Waiting for unfinished jobs....
gmake[1]: *** [CMakeFiles/Makefile2:5169: scratch/ECNMC/CMakeFiles/scratch_ECNMC_DatacenterSimulation.dir/rule] Error 2
gmake: *** [Makefile:1977: scratch_ECNMC_DatacenterSimulation] Error 2
mv: cannot stat '/media/experiments/ns-allinone-3.41/ns-3.41/scratch/ECNMC/results_forward/28/*.csv': No such file or directory
/usr/bin/ld: ../../lib/libns3.41-network-debug.so: undefined reference to `ns3::PacketSocket::PacketSocket()'
/usr/bin/ld: ../../lib/libns3.41-network-debug.so: undefined reference to `ns3::PacketSocket::SetNode(ns3::Ptr<ns3::Node>)'
/usr/bin/ld: ../../lib/libns3.41-network-debug.so: undefined reference to `ns3::PacketSocket::GetTypeId()'
collect2: error: ld returned 1 exit status
gmake[3]: *** [src/fd-net-device/CMakeFiles/tap-device-creator.dir/build.make:135: src/fd-net-device/ns3.41-tap-device-creator-debug] Error 1
gmake[2]: *** [CMakeFiles/Makefile2:3247: src/fd-net-device/CMakeFiles/tap-device-creator.dir/all] Error 2
gmake[2]: *** Waiting for unfinished jobs....
gmake[1]: *** [CMakeFiles/Makefile2:5169: scratch/ECNMC/CMakeFiles/scratch_ECNMC_DatacenterSimulation.dir/rule] Error 2
gmake: *** [Makefile:1977: scratch_ECNMC_DatacenterSimulation] Error 2
mv: cannot stat '/media/experiments/ns-allinone-3.41/ns-3.41/scratch/ECNMC/results_forward/10/*.csv': No such file or directory
/usr/bin/ld: ../../lib/libns3.41-network-debug.so: undefined reference to `ns3::PacketSocket::PacketSocket()'
/usr/bin/ld: ../../lib/libns3.41-network-debug.so: undefined reference to `ns3::PacketSocket::SetNode(ns3::Ptr<ns3::Node>)'
/usr/bin/ld: ../../lib/libns3.41-network-debug.so: undefined reference to `ns3::PacketSocket::GetTypeId()'
collect2: error: ld returned 1 exit status
gmake[3]: *** [src/fd-net-device/CMakeFiles/tap-device-creator.dir/build.make:135: src/fd-net-device/ns3.41-tap-device-creator-debug] Error 1
gmake[2]: *** [CMakeFiles/Makefile2:3247: src/fd-net-device/CMakeFiles/tap-device-creator.dir/all] Error 2
gmake[2]: *** Waiting for unfinished jobs....
gmake[1]: *** [CMakeFiles/Makefile2:5169: scratch/ECNMC/CMakeFiles/scratch_ECNMC_DatacenterSimulation.dir/rule] Error 2
gmake: *** [Makefile:1977: scratch_ECNMC_DatacenterSimulation] Error 2
mv: cannot stat '/media/experiments/ns-allinone-3.41/ns-3.41/scratch/ECNMC/results_forward/28/*.csv': No such file or directory
/usr/bin/ld: ../../lib/libns3.41-network-debug.so: undefined reference to `ns3::PacketSocket::PacketSocket()'
/usr/bin/ld: ../../lib/libns3.41-network-debug.so: undefined reference to `ns3::PacketSocket::SetNode(ns3::Ptr<ns3::Node>)'
/usr/bin/ld: ../../lib/libns3.41-network-debug.so: undefined reference to `ns3::PacketSocket::GetTypeId()'
collect2: error: ld returned 1 exit status
gmake[3]: *** [src/fd-net-device/CMakeFiles/tap-device-creator.dir/build.make:135: src/fd-net-device/ns3.41-tap-device-creator-debug] Error 1
gmake[2]: *** [CMakeFiles/Makefile2:3247: src/fd-net-device/CMakeFiles/tap-device-creator.dir/all] Error 2
gmake[2]: *** Waiting for unfinished jobs....
gmake[1]: *** [CMakeFiles/Makefile2:5169: scratch/ECNMC/CMakeFiles/scratch_ECNMC_DatacenterSimulation.dir/rule] Error 2
gmake: *** [Makefile:1977: scratch_ECNMC_DatacenterSimulation] Error 2
mv: cannot stat '/media/experiments/ns-allinone-3.41/ns-3.41/scratch/ECNMC/results_forward/10/*.csv': No such file or directory
/usr/bin/ld: ../../lib/libns3.41-network-debug.so: undefined reference to `ns3::PacketSocket::PacketSocket()'
/usr/bin/ld: ../../lib/libns3.41-network-debug.so: undefined reference to `ns3::PacketSocket::SetNode(ns3::Ptr<ns3::Node>)'
/usr/bin/ld: ../../lib/libns3.41-network-debug.so: undefined reference to `ns3::PacketSocket::GetTypeId()'
collect2: error: ld returned 1 exit status
gmake[3]: *** [src/fd-net-device/CMakeFiles/tap-device-creator.dir/build.make:135: src/fd-net-device/ns3.41-tap-device-creator-debug] Error 1
gmake[2]: *** [CMakeFiles/Makefile2:3247: src/fd-net-device/CMakeFiles/tap-device-creator.dir/all] Error 2
gmake[2]: *** Waiting for unfinished jobs....
gmake[1]: *** [CMakeFiles/Makefile2:5169: scratch/ECNMC/CMakeFiles/scratch_ECNMC_DatacenterSimulation.dir/rule] Error 2
gmake: *** [Makefile:1977: scratch_ECNMC_DatacenterSimulation] Error 2
mv: cannot stat '/media/experiments/ns-allinone-3.41/ns-3.41/scratch/ECNMC/results_forward/28/*.csv': No such file or directory
/usr/bin/ld: ../../lib/libns3.41-network-debug.so: undefined reference to `ns3::PacketSocket::PacketSocket()'
/usr/bin/ld: ../../lib/libns3.41-network-debug.so: undefined reference to `ns3::PacketSocket::SetNode(ns3::Ptr<ns3::Node>)'
/usr/bin/ld: ../../lib/libns3.41-network-debug.so: undefined reference to `ns3::PacketSocket::GetTypeId()'
collect2: error: ld returned 1 exit status
gmake[3]: *** [src/fd-net-device/CMakeFiles/tap-device-creator.dir/build.make:135: src/fd-net-device/ns3.41-tap-device-creator-debug] Error 1
gmake[2]: *** [CMakeFiles/Makefile2:3247: src/fd-net-device/CMakeFiles/tap-device-creator.dir/all] Error 2
gmake[2]: *** Waiting for unfinished jobs....
gmake[1]: *** [CMakeFiles/Makefile2:5169: scratch/ECNMC/CMakeFiles/scratch_ECNMC_DatacenterSimulation.dir/rule] Error 2
gmake: *** [Makefile:1977: scratch_ECNMC_DatacenterSimulation] Error 2
mv: cannot stat '/media/experiments/ns-allinone-3.41/ns-3.41/scratch/ECNMC/results_forward/10/*.csv': No such file or directory
/usr/bin/ld: ../../lib/libns3.41-network-debug.so: undefined reference to `ns3::PacketSocket::PacketSocket()'
/usr/bin/ld: ../../lib/libns3.41-network-debug.so: undefined reference to `ns3::PacketSocket::SetNode(ns3::Ptr<ns3::Node>)'
/usr/bin/ld: ../../lib/libns3.41-network-debug.so: undefined reference to `ns3::PacketSocket::GetTypeId()'
collect2: error: ld returned 1 exit status
gmake[3]: *** [src/fd-net-device/CMakeFiles/tap-device-creator.dir/build.make:135: src/fd-net-device/ns3.41-tap-device-creator-debug] Error 1
gmake[2]: *** [CMakeFiles/Makefile2:3247: src/fd-net-device/CMakeFiles/tap-device-creator.dir/all] Error 2
gmake[2]: *** Waiting for unfinished jobs....
gmake[1]: *** [CMakeFiles/Makefile2:5169: scratch/ECNMC/CMakeFiles/scratch_ECNMC_DatacenterSimulation.dir/rule] Error 2
gmake: *** [Makefile:1977: scratch_ECNMC_DatacenterSimulation] Error 2
mv: cannot stat '/media/experiments/ns-allinone-3.41/ns-3.41/scratch/ECNMC/results_forward/10/*.csv': No such file or directory
gmake[1]: *** [CMakeFiles/Makefile2:5169: scratch/ECNMC/CMakeFiles/scratch_ECNMC_DatacenterSimulation.dir/rule] Error 2
gmake: *** [Makefile:1977: scratch_ECNMC_DatacenterSimulation] Error 2
mv: cannot stat '/media/experiments/ns-allinone-3.41/ns-3.41/scratch/ECNMC/results_forward/28/*.csv': No such file or directory
/usr/bin/ld: ../../lib/libns3.41-network-debug.so: undefined reference to `ns3::PacketSocket::PacketSocket()'
/usr/bin/ld: ../../lib/libns3.41-network-debug.so: undefined reference to `ns3::PacketSocket::SetNode(ns3::Ptr<ns3::Node>)'
/usr/bin/ld: ../../lib/libns3.41-network-debug.so: undefined reference to `ns3::PacketSocket::GetTypeId()'
collect2: error: ld returned 1 exit status
gmake[3]: *** [src/fd-net-device/CMakeFiles/tap-device-creator.dir/build.make:135: src/fd-net-device/ns3.41-tap-device-creator-debug] Error 1
gmake[2]: *** [CMakeFiles/Makefile2:3247: src/fd-net-device/CMakeFiles/tap-device-creator.dir/all] Error 2
gmake[2]: *** Waiting for unfinished jobs....
gmake[1]: *** [CMakeFiles/Makefile2:5169: scratch/ECNMC/CMakeFiles/scratch_ECNMC_DatacenterSimulation.dir/rule] Error 2
gmake: *** [Makefile:1977: scratch_ECNMC_DatacenterSimulation] Error 2
mv: cannot stat '/media/experiments/ns-allinone-3.41/ns-3.41/scratch/ECNMC/results_forward/11/*.csv': No such file or directory
/usr/bin/ld: ../../lib/libns3.41-network-debug.so: undefined reference to `ns3::PacketSocket::PacketSocket()'
/usr/bin/ld: ../../lib/libns3.41-network-debug.so: undefined reference to `ns3::PacketSocket::SetNode(ns3::Ptr<ns3::Node>)'
/usr/bin/ld: ../../lib/libns3.41-network-debug.so: undefined reference to `ns3::PacketSocket::GetTypeId()'
collect2: error: ld returned 1 exit status
gmake[3]: *** [src/fd-net-device/CMakeFiles/tap-device-creator.dir/build.make:135: src/fd-net-device/ns3.41-tap-device-creator-debug] Error 1
gmake[2]: *** [CMakeFiles/Makefile2:3247: src/fd-net-device/CMakeFiles/tap-device-creator.dir/all] Error 2
gmake[2]: *** Waiting for unfinished jobs....
gmake[1]: *** [CMakeFiles/Makefile2:5169: scratch/ECNMC/CMakeFiles/scratch_ECNMC_DatacenterSimulation.dir/rule] Error 2
gmake: *** [Makefile:1977: scratch_ECNMC_DatacenterSimulation] Error 2
mv: cannot stat '/media/experiments/ns-allinone-3.41/ns-3.41/scratch/ECNMC/results_forward/11/*.csv': No such file or directory
/usr/bin/ld: ../../lib/libns3.41-network-debug.so: undefined reference to `ns3::PacketSocket::PacketSocket()'
/usr/bin/ld: ../../lib/libns3.41-network-debug.so: undefined reference to `ns3::PacketSocket::SetNode(ns3::Ptr<ns3::Node>)'
/usr/bin/ld: ../../lib/libns3.41-network-debug.so: undefined reference to `ns3::PacketSocket::GetTypeId()'
collect2: error: ld returned 1 exit status
gmake[3]: *** [src/fd-net-device/CMakeFiles/tap-device-creator.dir/build.make:135: src/fd-net-device/ns3.41-tap-device-creator-debug] Error 1
gmake[2]: *** [CMakeFiles/Makefile2:3247: src/fd-net-device/CMakeFiles/tap-device-creator.dir/all] Error 2
gmake[2]: *** Waiting for unfinished jobs....
gmake[1]: *** [CMakeFiles/Makefile2:5169: scratch/ECNMC/CMakeFiles/scratch_ECNMC_DatacenterSimulation.dir/rule] Error 2
gmake: *** [Makefile:1977: scratch_ECNMC_DatacenterSimulation] Error 2
mv: cannot stat '/media/experiments/ns-allinone-3.41/ns-3.41/scratch/ECNMC/results_forward/11/*.csv': No such file or directory
/usr/bin/ld: ../../lib/libns3.41-network-debug.so: undefined reference to `ns3::PacketSocket::PacketSocket()'
/usr/bin/ld: ../../lib/libns3.41-network-debug.so: undefined reference to `ns3::PacketSocket::SetNode(ns3::Ptr<ns3::Node>)'
/usr/bin/ld: ../../lib/libns3.41-network-debug.so: undefined reference to `ns3::PacketSocket::GetTypeId()'
collect2: error: ld returned 1 exit status
gmake[3]: *** [src/fd-net-device/CMakeFiles/tap-device-creator.dir/build.make:135: src/fd-net-device/ns3.41-tap-device-creator-debug] Error 1
gmake[2]: *** [CMakeFiles/Makefile2:3247: src/fd-net-device/CMakeFiles/tap-device-creator.dir/all] Error 2
gmake[2]: *** Waiting for unfinished jobs....
gmake[1]: *** [CMakeFiles/Makefile2:5169: scratch/ECNMC/CMakeFiles/scratch_ECNMC_DatacenterSimulation.dir/rule] Error 2
gmake: *** [Makefile:1977: scratch_ECNMC_DatacenterSimulation] Error 2
mv: cannot stat '/media/experiments/ns-allinone-3.41/ns-3.41/scratch/ECNMC/results_forward/11/*.csv': No such file or directory
/usr/bin/ld: ../../lib/libns3.41-network-debug.so: undefined reference to `ns3::PacketSocket::PacketSocket()'
/usr/bin/ld: ../../lib/libns3.41-network-debug.so: undefined reference to `ns3::PacketSocket::SetNode(ns3::Ptr<ns3::Node>)'
/usr/bin/ld: ../../lib/libns3.41-network-debug.so: undefined reference to `ns3::PacketSocket::GetTypeId()'
collect2: error: ld returned 1 exit status
gmake[3]: *** [src/fd-net-device/CMakeFiles/tap-device-creator.dir/build.make:135: src/fd-net-device/ns3.41-tap-device-creator-debug] Error 1
gmake[2]: *** [CMakeFiles/Makefile2:3247: src/fd-net-device/CMakeFiles/tap-device-creator.dir/all] Error 2
gmake[2]: *** Waiting for unfinished jobs....
gmake[1]: *** [CMakeFiles/Makefile2:5169: scratch/ECNMC/CMakeFiles/scratch_ECNMC_DatacenterSimulation.dir/rule] Error 2
gmake: *** [Makefile:1977: scratch_ECNMC_DatacenterSimulation] Error 2
mv: cannot stat '/media/experiments/ns-allinone-3.41/ns-3.41/scratch/ECNMC/results_forward/11/*.csv': No such file or directory
Terminated
Terminated
Terminated
Terminated
Terminated
Terminated
Terminated
Terminated
Terminated
Terminated
Terminated
Terminated
Terminated
Terminated
Terminated
Terminated
Terminated
Terminated
Terminated
Terminated
Terminated
Terminated
Terminated
Terminated
Terminated
Terminated
Terminated
	Experiment 14 done
Rate 0.97 done
	Experiment 26 done
Rate 0.97 done
	Experiment 13 done
Rate 0.97 done
	Experiment 16 done
Rate 0.97 done
	Experiment 12 done
Rate 0.97 done
	Experiment 0 done
Rate 0.97 done
	Experiment 29 done
Rate 0.97 done
	Experiment 18 done
Rate 0.97 done
	Experiment 25 done
Rate 0.97 done
	Experiment 24 done
Rate 0.97 done
	Experiment 17 done
Rate 0.97 done
	Experiment 7 done
Rate 0.97 done
	Experiment 27 done
Rate 0.97 done
	Experiment 11 done
Rate 0.97 done
	Experiment 19 done
Rate 0.97 done
	Experiment 23 done
Rate 0.97 done
	Experiment 22 done
Rate 0.97 done
	Experiment 15 done
Rate 0.97 done
	Experiment 5 done
Rate 0.97 done
	Experiment 20 done
Rate 0.97 done
	Experiment 10 done
Rate 0.97 done
	Experiment 6 done
Rate 0.97 done
	Experiment 21 done
Rate 0.97 done
	Experiment 8 done
Rate 0.97 done
	Experiment 2 done
Rate 0.97 done
	Experiment 28 done
Rate 0.97 done
	Experiment 3 done
Rate 0.97 done
	Experiment 9 done
Rate 0.97 done
	Experiment 1 done
Rate 0.97 done
	Experiment 4 done
Rate 0.97 done
	Experiment 14 done
Rate 0.99 done
	Experiment 26 done
Rate 0.99 done
	Experiment 12 done
Rate 0.99 done
	Experiment 25 done
Rate 0.99 done
	Experiment 0 done
Rate 0.99 done
	Experiment 13 done
Rate 0.99 done
	Experiment 29 done
Rate 0.99 done
	Experiment 27 done
Rate 0.99 done
	Experiment 17 done
Rate 0.99 done
	Experiment 7 done
Rate 0.99 done
	Experiment 18 done
Rate 0.99 done
	Experiment 24 done
Rate 0.99 done
	Experiment 22 done
Rate 0.99 done
	Experiment 11 done
Rate 0.99 done
	Experiment 15 done
Rate 0.99 done
	Experiment 23 done
Rate 0.99 done
	Experiment 5 done
Rate 0.99 done
	Experiment 20 done
Rate 0.99 done
	Experiment 8 done
Rate 0.99 done
	Experiment 10 done
Rate 0.99 done
	Experiment 2 done
Rate 0.99 done
	Experiment 3 done
Rate 0.99 done
	Experiment 9 done
Rate 0.99 done
	Experiment 1 done
Rate 0.99 done
	Experiment 4 done
Rate 0.99 done
	Experiment 28 done
Rate 0.99 done
	Experiment 16 done
Rate 0.99 done
	Experiment 6 done
Rate 0.99 done
	Experiment 21 done
Rate 0.99 done
	Experiment 19 done
Rate 0.99 done
	Experiment 12 done
Rate 1.0 done
	Experiment 29 done
Rate 1.0 done
	Experiment 13 done
Rate 1.0 done
	Experiment 14 done
Rate 1.0 done
	Experiment 0 done
Rate 1.0 done
	Experiment 27 done
Rate 1.0 done
	Experiment 17 done
Rate 1.0 done
	Experiment 7 done
Rate 1.0 done
	Experiment 15 done
Rate 1.0 done
	Experiment 22 done
Rate 1.0 done
	Experiment 18 done
Rate 1.0 done
	Experiment 24 done
Rate 1.0 done
	Experiment 5 done
Rate 1.0 done
	Experiment 11 done
Rate 1.0 done
	Experiment 23 done
Rate 1.0 done
	Experiment 20 done
Rate 1.0 done
	Experiment 8 done
Rate 1.0 done
	Experiment 3 done
Rate 1.0 done
	Experiment 2 done
Rate 1.0 done
	Experiment 1 done
Rate 1.0 done
	Experiment 26 done
Rate 1.0 done
	Experiment 25 done
Rate 1.0 done
	Experiment 9 done
Rate 1.0 done
	Experiment 4 done
Rate 1.0 done
	Experiment 10 done
Rate 1.0 done
	Experiment 6 done
Rate 1.0 done
	Experiment 21 done
Rate 1.0 done
	Experiment 28 done
Rate 1.0 done
	Experiment 19 done
Rate 1.0 done
	Experiment 16 done
Rate 1.0 done
	Experiment 13 done
Rate 1.01 done
	Experiment 14 done
Rate 1.01 done
	Experiment 27 done
Rate 1.01 done
	Experiment 29 done
Rate 1.01 done
	Experiment 0 done
Rate 1.01 done
	Experiment 17 done
Rate 1.01 done
	Experiment 15 done
Rate 1.01 done
	Experiment 7 done
Rate 1.01 done
	Experiment 22 done
Rate 1.01 done
	Experiment 5 done
Rate 1.01 done
	Experiment 18 done
Rate 1.01 done
	Experiment 24 done
Rate 1.01 done
	Experiment 23 done
Rate 1.01 done
	Experiment 8 done
Rate 1.01 done
	Experiment 11 done
Rate 1.01 done
	Experiment 26 done
Rate 1.01 done
	Experiment 25 done
Rate 1.01 done
	Experiment 1 done
Rate 1.01 done
	Experiment 3 done
Rate 1.01 done
	Experiment 2 done
Rate 1.01 done
	Experiment 20 done
Rate 1.01 done
	Experiment 12 done
Rate 1.01 done
	Experiment 4 done
Rate 1.01 done
	Experiment 10 done
Rate 1.01 done
	Experiment 6 done
Rate 1.01 done
	Experiment 21 done
Rate 1.01 done
	Experiment 9 done
Rate 1.01 done
	Experiment 28 done
Rate 1.01 done
	Experiment 19 done
Rate 1.01 done
	Experiment 16 done
Rate 1.01 done
	Experiment 13 done
Rate 1.03 done
	Experiment 14 done
Rate 1.03 done
	Experiment 27 done
Rate 1.03 done
	Experiment 15 done
Rate 1.03 done
	Experiment 29 done
Rate 1.03 done
	Experiment 17 done
Rate 1.03 done
	Experiment 0 done
Rate 1.03 done
	Experiment 22 done
Rate 1.03 done
	Experiment 18 done
Rate 1.03 done
	Experiment 7 done
Rate 1.03 done
	Experiment 5 done
Rate 1.03 done
	Experiment 11 done
Rate 1.03 done
	Experiment 8 done
Rate 1.03 done
	Experiment 25 done
Rate 1.03 done
	Experiment 20 done
Rate 1.03 done
	Experiment 3 done
Rate 1.03 done
	Experiment 1 done
Rate 1.03 done
	Experiment 26 done
Rate 1.03 done
	Experiment 2 done
Rate 1.03 done
	Experiment 24 done
Rate 1.03 done
	Experiment 23 done
Rate 1.03 done
	Experiment 12 done
Rate 1.03 done
	Experiment 4 done
Rate 1.03 done
	Experiment 10 done
Rate 1.03 done
	Experiment 6 done
Rate 1.03 done
	Experiment 21 done
Rate 1.03 done
	Experiment 9 done
Rate 1.03 done
	Experiment 16 done
Rate 1.03 done
	Experiment 19 done
Rate 1.03 done
	Experiment 28 done
Rate 1.03 done
	Experiment 13 done
Rate 1.05 done
	Experiment 29 done
Rate 1.05 done
	Experiment 14 done
Rate 1.05 done
	Experiment 27 done
Rate 1.05 done
	Experiment 15 done
Rate 1.05 done
	Experiment 17 done
Rate 1.05 done
	Experiment 22 done
Rate 1.05 done
	Experiment 0 done
Rate 1.05 done
	Experiment 5 done
Rate 1.05 done
	Experiment 7 done
Rate 1.05 done
	Experiment 11 done
Rate 1.05 done
	Experiment 20 done
Rate 1.05 done
	Experiment 25 done
Rate 1.05 done
	Experiment 3 done
Rate 1.05 done
	Experiment 1 done
Rate 1.05 done
	Experiment 26 done
Rate 1.05 done
	Experiment 2 done
Rate 1.05 done
	Experiment 12 done
Rate 1.05 done
	Experiment 23 done
Rate 1.05 done
	Experiment 10 done
Rate 1.05 done
	Experiment 4 done
Rate 1.05 done
	Experiment 6 done
Rate 1.05 done
	Experiment 8 done
Rate 1.05 done
	Experiment 18 done
Rate 1.05 done
	Experiment 21 done
Rate 1.05 done
	Experiment 24 done
Rate 1.05 done
	Experiment 9 done
Rate 1.05 done
	Experiment 16 done
Rate 1.05 done
	Experiment 19 done
Rate 1.05 done
	Experiment 28 done
Rate 1.05 done
	Experiment 17 done
Rate 0.79 done
	Experiment 5 done
Rate 0.79 done
	Experiment 29 done
Rate 0.79 done
	Experiment 0 done
Rate 0.79 done
	Experiment 4 done
Rate 0.79 done
	Experiment 9 done
Rate 0.79 done
	Experiment 15 done
Rate 0.79 done
	Experiment 16 done
Rate 0.79 done
	Experiment 1 done
Rate 0.79 done
	Experiment 23 done
Rate 0.79 done
	Experiment 14 done
Rate 0.79 done
	Experiment 19 done
Rate 0.79 done
	Experiment 10 done
Rate 0.79 done
	Experiment 24 done
Rate 0.79 done
	Experiment 20 done
Rate 0.79 done
	Experiment 12 done
Rate 0.79 done
	Experiment 11 done
Rate 0.79 done
	Experiment 6 done
Rate 0.79 done
	Experiment 13 done
Rate 0.79 done
	Experiment 27 done
Rate 0.79 done
	Experiment 25 done
Rate 0.79 done
	Experiment 3 done
Rate 0.79 done
	Experiment 28 done
Rate 0.79 done
	Experiment 22 done
Rate 0.79 done
	Experiment 21 done
Rate 0.79 done
	Experiment 2 done
Rate 0.79 done
	Experiment 18 done
Rate 0.79 done
	Experiment 7 done
Rate 0.79 done
	Experiment 8 done
Rate 0.79 done
	Experiment 26 done
Rate 0.79 done
	Experiment 29 done
Rate 0.81 done
	Experiment 0 done
Rate 0.81 done
	Experiment 4 done
Rate 0.81 done
	Experiment 15 done
Rate 0.81 done
	Experiment 23 done
Rate 0.81 done
	Experiment 19 done
Rate 0.81 done
	Experiment 1 done
Rate 0.81 done
	Experiment 9 done
Rate 0.81 done
	Experiment 16 done
Rate 0.81 done
	Experiment 17 done
Rate 0.81 done
	Experiment 10 done
Rate 0.81 done
	Experiment 14 done
Rate 0.81 done
	Experiment 24 done
Rate 0.81 done
	Experiment 20 done
Rate 0.81 done
	Experiment 25 done
Rate 0.81 done
	Experiment 28 done
Rate 0.81 done
	Experiment 6 done
Rate 0.81 done
	Experiment 11 done
Rate 0.81 done
	Experiment 3 done
Rate 0.81 done
	Experiment 22 done
Rate 0.81 done
	Experiment 21 done
Rate 0.81 done
	Experiment 7 done
Rate 0.81 done
	Experiment 18 done
Rate 0.81 done
	Experiment 8 done
Rate 0.81 done
	Experiment 12 done
Rate 0.81 done
	Experiment 13 done
Rate 0.81 done
	Experiment 27 done
Rate 0.81 done
	Experiment 26 done
Rate 0.81 done
	Experiment 5 done
Rate 0.81 done
	Experiment 2 done
Rate 0.81 done
	Experiment 29 done
Rate 0.83 done
	Experiment 4 done
Rate 0.83 done
	Experiment 15 done
Rate 0.83 done
	Experiment 9 done
Rate 0.83 done
	Experiment 1 done
Rate 0.83 done
	Experiment 23 done
Rate 0.83 done
	Experiment 10 done
Rate 0.83 done
	Experiment 16 done
Rate 0.83 done
	Experiment 17 done
Rate 0.83 done
	Experiment 28 done
Rate 0.83 done
	Experiment 24 done
Rate 0.83 done
	Experiment 6 done
Rate 0.83 done
	Experiment 20 done
Rate 0.83 done
	Experiment 14 done
Rate 0.83 done
	Experiment 11 done
Rate 0.83 done
	Experiment 3 done
Rate 0.83 done
	Experiment 22 done
Rate 0.83 done
	Experiment 21 done
Rate 0.83 done
	Experiment 25 done
Rate 0.83 done
	Experiment 7 done
Rate 0.83 done
	Experiment 18 done
Rate 0.83 done
	Experiment 8 done
Rate 0.83 done
	Experiment 12 done
Rate 0.83 done
	Experiment 13 done
Rate 0.83 done
	Experiment 27 done
Rate 0.83 done
	Experiment 0 done
Rate 0.83 done
	Experiment 19 done
Rate 0.83 done
	Experiment 2 done
Rate 0.83 done
	Experiment 26 done
Rate 0.83 done
	Experiment 5 done
Rate 0.83 done
	Experiment 29 done
Rate 0.85 done
	Experiment 4 done
Rate 0.85 done
	Experiment 15 done
Rate 0.85 done
	Experiment 23 done
Rate 0.85 done
	Experiment 17 done
Rate 0.85 done
	Experiment 1 done
Rate 0.85 done
	Experiment 9 done
Rate 0.85 done
	Experiment 16 done
Rate 0.85 done
	Experiment 10 done
Rate 0.85 done
	Experiment 6 done
Rate 0.85 done
	Experiment 24 done
Rate 0.85 done
	Experiment 20 done
Rate 0.85 done
	Experiment 14 done
Rate 0.85 done
	Experiment 3 done
Rate 0.85 done
	Experiment 21 done
Rate 0.85 done
	Experiment 22 done
Rate 0.85 done
	Experiment 7 done
Rate 0.85 done
	Experiment 28 done
Rate 0.85 done
	Experiment 12 done
Rate 0.85 done
	Experiment 8 done
Rate 0.85 done
	Experiment 13 done
Rate 0.85 done
	Experiment 11 done
Rate 0.85 done
	Experiment 18 done
Rate 0.85 done
	Experiment 27 done
Rate 0.85 done
	Experiment 19 done
Rate 0.85 done
	Experiment 25 done
Rate 0.85 done
	Experiment 0 done
Rate 0.85 done
	Experiment 26 done
Rate 0.85 done
	Experiment 5 done
Rate 0.85 done
	Experiment 2 done
Rate 0.85 done
	Experiment 4 done
Rate 0.87 done
	Experiment 23 done
Rate 0.87 done
	Experiment 16 done
Rate 0.87 done
	Experiment 15 done
Rate 0.87 done
	Experiment 17 done
Rate 0.87 done
	Experiment 9 done
Rate 0.87 done
	Experiment 10 done
Rate 0.87 done
	Experiment 6 done
Rate 0.87 done
	Experiment 24 done
Rate 0.87 done
	Experiment 20 done
Rate 0.87 done
	Experiment 14 done
Rate 0.87 done
	Experiment 21 done
Rate 0.87 done
	Experiment 22 done
Rate 0.87 done
	Experiment 7 done
Rate 0.87 done
	Experiment 12 done
Rate 0.87 done
	Experiment 8 done
Rate 0.87 done
	Experiment 28 done
Rate 0.87 done
	Experiment 3 done
Rate 0.87 done
	Experiment 11 done
Rate 0.87 done
	Experiment 29 done
Rate 0.87 done
	Experiment 19 done
Rate 0.87 done
	Experiment 27 done
Rate 0.87 done
	Experiment 1 done
Rate 0.87 done
	Experiment 25 done
Rate 0.87 done
	Experiment 0 done
Rate 0.87 done
	Experiment 5 done
Rate 0.87 done
	Experiment 13 done
Rate 0.87 done
	Experiment 26 done
Rate 0.87 done
	Experiment 18 done
Rate 0.87 done
	Experiment 2 done
Rate 0.87 done
	Experiment 4 done
Rate 0.89 done
	Experiment 23 done
Rate 0.89 done
	Experiment 16 done
Rate 0.89 done
	Experiment 9 done
Rate 0.89 done
	Experiment 17 done
Rate 0.89 done
	Experiment 15 done
Rate 0.89 done
	Experiment 10 done
Rate 0.89 done
	Experiment 6 done
Rate 0.89 done
	Experiment 20 done
Rate 0.89 done
	Experiment 14 done
Rate 0.89 done
	Experiment 21 done
Rate 0.89 done
	Experiment 24 done
Rate 0.89 done
	Experiment 22 done
Rate 0.89 done
	Experiment 8 done
Rate 0.89 done
	Experiment 12 done
Rate 0.89 done
	Experiment 28 done
Rate 0.89 done
	Experiment 11 done
Rate 0.89 done
	Experiment 27 done
Rate 0.89 done
	Experiment 1 done
Rate 0.89 done
	Experiment 29 done
Rate 0.89 done
	Experiment 25 done
Rate 0.89 done
	Experiment 7 done
Rate 0.89 done
	Experiment 19 done
Rate 0.89 done
	Experiment 3 done
Rate 0.89 done
	Experiment 0 done
Rate 0.89 done
	Experiment 18 done
Rate 0.89 done
	Experiment 26 done
Rate 0.89 done
	Experiment 5 done
Rate 0.89 done
	Experiment 13 done
Rate 0.89 done
	Experiment 2 done
Rate 0.89 done
	Experiment 4 done
Rate 0.91 done
	Experiment 23 done
Rate 0.91 done
	Experiment 16 done
Rate 0.91 done
	Experiment 17 done
Rate 0.91 done
	Experiment 15 done
Rate 0.91 done
	Experiment 10 done
Rate 0.91 done
	Experiment 6 done
Rate 0.91 done
	Experiment 20 done
Rate 0.91 done
	Experiment 14 done
Rate 0.91 done
	Experiment 24 done
Rate 0.91 done
	Experiment 21 done
Rate 0.91 done
	Experiment 9 done
Rate 0.91 done
	Experiment 8 done
Rate 0.91 done
	Experiment 12 done
Rate 0.91 done
	Experiment 28 done
Rate 0.91 done
	Experiment 11 done
Rate 0.91 done
	Experiment 1 done
Rate 0.91 done
	Experiment 29 done
Rate 0.91 done
	Experiment 25 done
Rate 0.91 done
	Experiment 22 done
Rate 0.91 done
	Experiment 19 done
Rate 0.91 done
	Experiment 27 done
Rate 0.91 done
	Experiment 0 done
Rate 0.91 done
	Experiment 18 done
Rate 0.91 done
	Experiment 26 done
Rate 0.91 done
	Experiment 3 done
Rate 0.91 done
	Experiment 7 done
Rate 0.91 done
	Experiment 5 done
Rate 0.91 done
	Experiment 13 done
Rate 0.91 done
	Experiment 2 done
Rate 0.91 done
	Experiment 4 done
Rate 0.93 done
	Experiment 16 done
Rate 0.93 done
	Experiment 23 done
Rate 0.93 done
	Experiment 17 done
Rate 0.93 done
	Experiment 15 done
Rate 0.93 done
	Experiment 6 done
Rate 0.93 done
	Experiment 20 done
Rate 0.93 done
	Experiment 14 done
Rate 0.93 done
	Experiment 10 done
Rate 0.93 done
	Experiment 21 done
Rate 0.93 done
	Experiment 8 done
Rate 0.93 done
	Experiment 9 done
Rate 0.93 done
	Experiment 12 done
Rate 0.93 done
	Experiment 11 done
Rate 0.93 done
	Experiment 28 done
Rate 0.93 done
	Experiment 1 done
Rate 0.93 done
	Experiment 24 done
Rate 0.93 done
	Experiment 25 done
Rate 0.93 done
	Experiment 29 done
Rate 0.93 done
	Experiment 27 done
Rate 0.93 done
	Experiment 19 done
Rate 0.93 done
	Experiment 0 done
Rate 0.93 done
	Experiment 7 done
Rate 0.93 done
	Experiment 26 done
Rate 0.93 done
	Experiment 22 done
Rate 0.93 done
	Experiment 13 done
Rate 0.93 done
	Experiment 18 done
Rate 0.93 done
	Experiment 5 done
Rate 0.93 done
	Experiment 3 done
Rate 0.93 done
	Experiment 2 done
Rate 0.93 done
	Experiment 4 done
Rate 0.95 done
	Experiment 16 done
Rate 0.95 done
	Experiment 15 done
Rate 0.95 done
	Experiment 20 done
Rate 0.95 done
	Experiment 6 done
Rate 0.95 done
	Experiment 23 done
Rate 0.95 done
	Experiment 17 done
Rate 0.95 done
	Experiment 14 done
Rate 0.95 done
	Experiment 8 done
Rate 0.95 done
	Experiment 21 done
Rate 0.95 done
	Experiment 10 done
Rate 0.95 done
	Experiment 11 done
Rate 0.95 done
	Experiment 28 done
Rate 0.95 done
	Experiment 1 done
Rate 0.95 done
	Experiment 12 done
Rate 0.95 done
	Experiment 9 done
Rate 0.95 done
	Experiment 24 done
Rate 0.95 done
	Experiment 29 done
Rate 0.95 done
	Experiment 25 done
Rate 0.95 done
	Experiment 19 done
Rate 0.95 done
	Experiment 27 done
Rate 0.95 done
	Experiment 0 done
Rate 0.95 done
	Experiment 7 done
Rate 0.95 done
	Experiment 22 done
Rate 0.95 done
	Experiment 26 done
Rate 0.95 done
	Experiment 13 done
Rate 0.95 done
	Experiment 18 done
Rate 0.95 done
	Experiment 3 done
Rate 0.95 done
	Experiment 5 done
Rate 0.95 done
	Experiment 2 done
Rate 0.95 done
	Experiment 16 done
Rate 0.97 done
	Experiment 15 done
Rate 0.97 done
	Experiment 6 done
Rate 0.97 done
	Experiment 23 done
Rate 0.97 done
	Experiment 14 done
Rate 0.97 done
	Experiment 8 done
Rate 0.97 done
	Experiment 20 done
Rate 0.97 done
	Experiment 21 done
Rate 0.97 done
	Experiment 10 done
Rate 0.97 done
	Experiment 4 done
Rate 0.97 done
	Experiment 11 done
Rate 0.97 done
	Experiment 1 done
Rate 0.97 done
	Experiment 28 done
Rate 0.97 done
	Experiment 9 done
Rate 0.97 done
	Experiment 17 done
Rate 0.97 done
	Experiment 24 done
Rate 0.97 done
	Experiment 29 done
Rate 0.97 done
	Experiment 25 done
Rate 0.97 done
	Experiment 12 done
Rate 0.97 done
	Experiment 19 done
Rate 0.97 done
	Experiment 0 done
Rate 0.97 done
	Experiment 22 done
Rate 0.97 done
	Experiment 7 done
Rate 0.97 done
	Experiment 13 done
Rate 0.97 done
	Experiment 18 done
Rate 0.97 done
	Experiment 26 done
Rate 0.97 done
	Experiment 27 done
Rate 0.97 done
	Experiment 3 done
Rate 0.97 done
	Experiment 2 done
Rate 0.97 done
	Experiment 16 done
Rate 0.99 done
	Experiment 5 done
Rate 0.97 done
	Experiment 15 done
Rate 0.99 done
	Experiment 6 done
Rate 0.99 done
	Experiment 23 done
Rate 0.99 done
	Experiment 8 done
Rate 0.99 done
	Experiment 20 done
Rate 0.99 done
	Experiment 14 done
Rate 0.99 done
	Experiment 21 done
Rate 0.99 done
	Experiment 10 done
Rate 0.99 done
	Experiment 11 done
Rate 0.99 done
	Experiment 1 done
Rate 0.99 done
	Experiment 9 done
Rate 0.99 done
	Experiment 28 done
Rate 0.99 done
	Experiment 4 done
Rate 0.99 done
	Experiment 17 done
Rate 0.99 done
	Experiment 24 done
Rate 0.99 done
	Experiment 29 done
Rate 0.99 done
	Experiment 25 done
Rate 0.99 done
	Experiment 19 done
Rate 0.99 done
	Experiment 0 done
Rate 0.99 done
	Experiment 7 done
Rate 0.99 done
	Experiment 18 done
Rate 0.99 done
	Experiment 22 done
Rate 0.99 done
	Experiment 27 done
Rate 0.99 done
	Experiment 12 done
Rate 0.99 done
	Experiment 3 done
Rate 0.99 done
	Experiment 13 done
Rate 0.99 done
	Experiment 26 done
Rate 0.99 done
	Experiment 2 done
Rate 0.99 done
	Experiment 16 done
Rate 1.0 done
	Experiment 23 done
Rate 1.0 done
	Experiment 15 done
Rate 1.0 done
	Experiment 8 done
Rate 1.0 done
	Experiment 5 done
Rate 0.99 done
	Experiment 20 done
Rate 1.0 done
	Experiment 6 done
Rate 1.0 done
	Experiment 14 done
Rate 1.0 done
	Experiment 21 done
Rate 1.0 done
	Experiment 11 done
Rate 1.0 done
	Experiment 10 done
Rate 1.0 done
	Experiment 1 done
Rate 1.0 done
	Experiment 9 done
Rate 1.0 done
	Experiment 28 done
Rate 1.0 done
	Experiment 4 done
Rate 1.0 done
	Experiment 24 done
Rate 1.0 done
	Experiment 17 done
Rate 1.0 done
	Experiment 29 done
Rate 1.0 done
	Experiment 25 done
Rate 1.0 done
	Experiment 19 done
Rate 1.0 done
	Experiment 0 done
Rate 1.0 done
	Experiment 7 done
Rate 1.0 done
	Experiment 18 done
Rate 1.0 done
	Experiment 27 done
Rate 1.0 done
	Experiment 22 done
Rate 1.0 done
	Experiment 3 done
Rate 1.0 done
	Experiment 12 done
Rate 1.0 done
	Experiment 13 done
Rate 1.0 done
	Experiment 2 done
Rate 1.0 done
	Experiment 16 done
Rate 1.01 done
	Experiment 26 done
Rate 1.0 done
	Experiment 8 done
Rate 1.01 done
	Experiment 5 done
Rate 1.0 done
	Experiment 20 done
Rate 1.01 done
	Experiment 15 done
Rate 1.01 done
	Experiment 11 done
Rate 1.01 done
	Experiment 6 done
Rate 1.01 done
	Experiment 14 done
Rate 1.01 done
	Experiment 21 done
Rate 1.01 done
	Experiment 10 done
Rate 1.01 done
	Experiment 1 done
Rate 1.01 done
	Experiment 4 done
Rate 1.01 done
	Experiment 28 done
Rate 1.01 done
	Experiment 23 done
Rate 1.01 done
	Experiment 24 done
Rate 1.01 done
	Experiment 29 done
Rate 1.01 done
	Experiment 9 done
Rate 1.01 done
	Experiment 25 done
Rate 1.01 done
	Experiment 0 done
Rate 1.01 done
	Experiment 19 done
Rate 1.01 done
	Experiment 7 done
Rate 1.01 done
	Experiment 18 done
Rate 1.01 done
	Experiment 27 done
Rate 1.01 done
	Experiment 22 done
Rate 1.01 done
	Experiment 3 done
Rate 1.01 done
	Experiment 17 done
Rate 1.01 done
	Experiment 12 done
Rate 1.01 done
	Experiment 13 done
Rate 1.01 done
	Experiment 26 done
Rate 1.01 done
	Experiment 2 done
Rate 1.01 done
	Experiment 8 done
Rate 1.03 done
	Experiment 16 done
Rate 1.03 done
	Experiment 5 done
Rate 1.01 done
	Experiment 20 done
Rate 1.03 done
	Experiment 11 done
Rate 1.03 done
	Experiment 6 done
Rate 1.03 done
	Experiment 21 done
Rate 1.03 done
	Experiment 14 done
Rate 1.03 done
	Experiment 1 done
Rate 1.03 done
	Experiment 10 done
Rate 1.03 done
	Experiment 15 done
Rate 1.03 done
	Experiment 4 done
Rate 1.03 done
	Experiment 28 done
Rate 1.03 done
	Experiment 24 done
Rate 1.03 done
	Experiment 29 done
Rate 1.03 done
	Experiment 25 done
Rate 1.03 done
	Experiment 0 done
Rate 1.03 done
	Experiment 7 done
Rate 1.03 done
	Experiment 23 done
Rate 1.03 done
	Experiment 19 done
Rate 1.03 done
	Experiment 9 done
Rate 1.03 done
	Experiment 27 done
Rate 1.03 done
	Experiment 18 done
Rate 1.03 done
	Experiment 3 done
Rate 1.03 done
	Experiment 22 done
Rate 1.03 done
	Experiment 12 done
Rate 1.03 done
	Experiment 13 done
Rate 1.03 done
	Experiment 17 done
Rate 1.03 done
	Experiment 26 done
Rate 1.03 done
	Experiment 8 done
Rate 1.05 done
	Experiment 2 done
Rate 1.03 done
	Experiment 5 done
Rate 1.03 done
	Experiment 20 done
Rate 1.05 done
	Experiment 16 done
Rate 1.05 done
	Experiment 11 done
Rate 1.05 done
	Experiment 1 done
Rate 1.05 done
	Experiment 14 done
Rate 1.05 done
	Experiment 6 done
Rate 1.05 done
	Experiment 4 done
Rate 1.05 done
	Experiment 28 done
Rate 1.05 done
	Experiment 10 done
Rate 1.05 done
	Experiment 24 done
Rate 1.05 done
	Experiment 21 done
Rate 1.05 done
	Experiment 29 done
Rate 1.05 done
	Experiment 15 done
Rate 1.05 done
	Experiment 25 done
Rate 1.05 done
	Experiment 0 done
Rate 1.05 done
	Experiment 7 done
Rate 1.05 done
	Experiment 23 done
Rate 1.05 done
	Experiment 9 done
Rate 1.05 done
	Experiment 19 done
Rate 1.05 done
	Experiment 3 done
Rate 1.05 done
	Experiment 27 done
Rate 1.05 done
	Experiment 22 done
Rate 1.05 done
	Experiment 18 done
Rate 1.05 done
	Experiment 12 done
Rate 1.05 done
	Experiment 13 done
Rate 1.05 done
	Experiment 17 done
Rate 1.05 done
	Experiment 26 done
Rate 1.05 done
	Experiment 2 done
Rate 1.05 done
	Experiment 5 done
Rate 1.05 done
../../lib/libns3.41-core-debug.so: file not recognized: file format not recognized
collect2: error: ld returned 1 exit status
gmake[3]: *** [src/antenna/CMakeFiles/libantenna.dir/build.make:97: lib/libns3.41-antenna-debug.so] Error 1
gmake[2]: *** [CMakeFiles/Makefile2:2475: src/antenna/CMakeFiles/libantenna.dir/all] Error 2
gmake[2]: *** Waiting for unfinished jobs....
gmake[1]: *** [CMakeFiles/Makefile2:5169: scratch/ECNMC/CMakeFiles/scratch_ECNMC_DatacenterSimulation.dir/rule] Error 2
gmake: *** [Makefile:1977: scratch_ECNMC_DatacenterSimulation] Error 2
mv: cannot stat '/media/experiments/ns-allinone-3.41/ns-3.41/scratch/ECNMC/results_reverse/6/*.csv': No such file or directory
/usr/bin/ld: CMakeFiles/tap-device-creator.dir/helper/tap-device-creator.cc.o: in function `SetMacAddress(int, char const*)':
/media/experiments/ns-allinone-3.41/ns-3.41/src/fd-net-device/helper/tap-device-creator.cc:134: undefined reference to `ns3::Mac48Address::Mac48Address(char const*)'
/usr/bin/ld: /media/experiments/ns-allinone-3.41/ns-3.41/src/fd-net-device/helper/tap-device-creator.cc:134: undefined reference to `ns3::Mac48Address::CopyTo(unsigned char*) const'
collect2: error: ld returned 1 exit status
gmake[3]: *** [src/fd-net-device/CMakeFiles/tap-device-creator.dir/build.make:135: src/fd-net-device/ns3.41-tap-device-creator-debug] Error 1
gmake[2]: *** [CMakeFiles/Makefile2:3247: src/fd-net-device/CMakeFiles/tap-device-creator.dir/all] Error 2
gmake[2]: *** Waiting for unfinished jobs....
gmake[1]: *** [CMakeFiles/Makefile2:5169: scratch/ECNMC/CMakeFiles/scratch_ECNMC_DatacenterSimulation.dir/rule] Error 2
gmake: *** [Makefile:1977: scratch_ECNMC_DatacenterSimulation] Error 2
mv: cannot stat '/media/experiments/ns-allinone-3.41/ns-3.41/scratch/ECNMC/results_reverse/6/*.csv': No such file or directory
CMakeFiles/libbuildings-obj.dir/helper/building-position-allocator.cc.o: file not recognized: file format not recognized
collect2: error: ld returned 1 exit status
gmake[3]: *** [src/buildings/CMakeFiles/libbuildings.dir/build.make:109: lib/libns3.41-buildings-debug.so] Error 1
gmake[2]: *** [CMakeFiles/Makefile2:2731: src/buildings/CMakeFiles/libbuildings.dir/all] Error 2
gmake[2]: *** Waiting for unfinished jobs....
../../lib/libns3.41-internet-debug.so: file not recognized: file format not recognized
collect2: error: ld returned 1 exit status
gmake[3]: *** [src/csma-layout/CMakeFiles/libcsma-layout.dir/build.make:83: lib/libns3.41-csma-layout-debug.so] Error 1
gmake[2]: *** [CMakeFiles/Makefile2:2955: src/csma-layout/CMakeFiles/libcsma-layout.dir/all] Error 2
gmake[2]: *** Waiting for unfinished jobs....
gmake[1]: *** [CMakeFiles/Makefile2:5169: scratch/ECNMC/CMakeFiles/scratch_ECNMC_DatacenterSimulation.dir/rule] Error 2
gmake: *** [Makefile:1977: scratch_ECNMC_DatacenterSimulation] Error 2
mv: cannot stat '/media/experiments/ns-allinone-3.41/ns-3.41/scratch/ECNMC/results_reverse/25/*.csv': No such file or directory
/usr/bin/ld: failed to set dynamic section sizes: file truncated
collect2: error: ld returned 1 exit status
gmake[3]: *** [src/wifi/CMakeFiles/libwifi.dir/build.make:381: lib/libns3.41-wifi-debug.so] Error 1
gmake[2]: *** [CMakeFiles/Makefile2:4833: src/wifi/CMakeFiles/libwifi.dir/all] Error 2
gmake[2]: *** Waiting for unfinished jobs....
/usr/bin/ld: failed to set dynamic section sizes: file truncated
collect2: error: ld returned 1 exit status
gmake[3]: *** [src/wifi/CMakeFiles/libwifi.dir/build.make:381: lib/libns3.41-wifi-debug.so] Error 1
gmake[2]: *** [CMakeFiles/Makefile2:4833: src/wifi/CMakeFiles/libwifi.dir/all] Error 2
gmake[2]: *** Waiting for unfinished jobs....
gmake[1]: *** [CMakeFiles/Makefile2:5169: scratch/ECNMC/CMakeFiles/scratch_ECNMC_DatacenterSimulation.dir/rule] Error 2
gmake: *** [Makefile:1977: scratch_ECNMC_DatacenterSimulation] Error 2
mv: cannot stat '/media/experiments/ns-allinone-3.41/ns-3.41/scratch/ECNMC/results_reverse/7/*.csv': No such file or directory
/usr/bin/ld: can not read symbols: file truncated
/usr/bin/ld: .eh_frame/.stab edit: file truncated
/usr/bin/ld: ../../lib/libns3.41-wifi-debug.so: warning: allocated section `.note.gnu.property' not in segment
/usr/bin/ld: ../../lib/libns3.41-wifi-debug.so: warning: allocated section `.note.gnu.build-id' not in segment
/usr/bin/ld: ../../lib/libns3.41-wifi-debug.so: warning: allocated section `.gnu.hash' not in segment
/usr/bin/ld: ../../lib/libns3.41-wifi-debug.so: warning: allocated section `.dynsym' not in segment
/usr/bin/ld: ../../lib/libns3.41-wifi-debug.so: warning: allocated section `.dynstr' not in segment
/usr/bin/ld: ../../lib/libns3.41-wifi-debug.so: warning: allocated section `.gnu.version' not in segment
/usr/bin/ld: ../../lib/libns3.41-wifi-debug.so: warning: allocated section `.gnu.version_r' not in segment
/usr/bin/ld: ../../lib/libns3.41-wifi-debug.so: warning: allocated section `.rela.dyn' not in segment
/usr/bin/ld: ../../lib/libns3.41-wifi-debug.so: warning: allocated section `.rela.plt' not in segment
/usr/bin/ld: ../../lib/libns3.41-wifi-debug.so: warning: allocated section `.init' not in segment
/usr/bin/ld: ../../lib/libns3.41-wifi-debug.so: warning: allocated section `.plt' not in segment
/usr/bin/ld: ../../lib/libns3.41-wifi-debug.so: warning: allocated section `.plt.got' not in segment
/usr/bin/ld: ../../lib/libns3.41-wifi-debug.so: warning: allocated section `.plt.sec' not in segment
/usr/bin/ld: ../../lib/libns3.41-wifi-debug.so: warning: allocated section `.text' not in segment
/usr/bin/ld: ../../lib/libns3.41-wifi-debug.so: warning: allocated section `.fini' not in segment
/usr/bin/ld: ../../lib/libns3.41-wifi-debug.so: warning: allocated section `.rodata' not in segment
/usr/bin/ld: ../../lib/libns3.41-wifi-debug.so: warning: allocated section `.eh_frame' not in segment
/usr/bin/ld: ../../lib/libns3.41-wifi-debug.so: warning: allocated section `.gcc_except_table' not in segment
/usr/bin/ld: ../../lib/libns3.41-wifi-debug.so: warning: allocated section `.init_array' not in segment
/usr/bin/ld: ../../lib/libns3.41-wifi-debug.so: warning: allocated section `.fini_array' not in segment
/usr/bin/ld: ../../lib/libns3.41-wifi-debug.so: warning: allocated section `.data.rel.ro' not in segment
/usr/bin/ld: ../../lib/libns3.41-wifi-debug.so: warning: allocated section `.dynamic' not in segment
/usr/bin/ld: ../../lib/libns3.41-wifi-debug.so: warning: allocated section `.got' not in segment
/usr/bin/ld: ../../lib/libns3.41-wifi-debug.so: warning: allocated section `.got.plt' not in segment
/usr/bin/ld: ../../lib/libns3.41-wifi-debug.so: warning: allocated section `.data' not in segment
/usr/bin/ld: failed to set dynamic section sizes: file truncated
collect2: error: ld returned 1 exit status
gmake[3]: *** [src/wifi/CMakeFiles/libwifi.dir/build.make:381: lib/libns3.41-wifi-debug.so] Error 1
gmake[2]: *** [CMakeFiles/Makefile2:4833: src/wifi/CMakeFiles/libwifi.dir/all] Error 2
gmake[2]: *** Waiting for unfinished jobs....
/usr/bin/ld: final link failed: file truncated
collect2: error: ld returned 1 exit status
gmake[3]: *** [src/wifi/CMakeFiles/libwifi.dir/build.make:381: lib/libns3.41-wifi-debug.so] Error 1
gmake[2]: *** [CMakeFiles/Makefile2:4833: src/wifi/CMakeFiles/libwifi.dir/all] Error 2
gmake[2]: *** Waiting for unfinished jobs....
gmake[1]: *** [CMakeFiles/Makefile2:5169: scratch/ECNMC/CMakeFiles/scratch_ECNMC_DatacenterSimulation.dir/rule] Error 2
gmake: *** [Makefile:1977: scratch_ECNMC_DatacenterSimulation] Error 2
mv: cannot stat '/media/experiments/ns-allinone-3.41/ns-3.41/scratch/ECNMC/results_reverse/6/*.csv': No such file or directory
gmake[1]: *** [CMakeFiles/Makefile2:5169: scratch/ECNMC/CMakeFiles/scratch_ECNMC_DatacenterSimulation.dir/rule] Error 2
gmake: *** [Makefile:1977: scratch_ECNMC_DatacenterSimulation] Error 2
mv: cannot stat '/media/experiments/ns-allinone-3.41/ns-3.41/scratch/ECNMC/results_reverse/9/*.csv': No such file or directory
gmake[1]: *** [CMakeFiles/Makefile2:5169: scratch/ECNMC/CMakeFiles/scratch_ECNMC_DatacenterSimulation.dir/rule] Error 2
gmake: *** [Makefile:1977: scratch_ECNMC_DatacenterSimulation] Error 2
mv: cannot stat '/media/experiments/ns-allinone-3.41/ns-3.41/scratch/ECNMC/results_reverse/24/*.csv': No such file or directory
../../lib/libns3.41-wifi-debug.so: file not recognized: file format not recognized
collect2: error: ld returned 1 exit status
gmake[3]: *** [src/aodv/CMakeFiles/libaodv.dir/build.make:97: lib/libns3.41-aodv-debug.so] Error 1
gmake[2]: *** [CMakeFiles/Makefile2:2553: src/aodv/CMakeFiles/libaodv.dir/all] Error 2
gmake[2]: *** Waiting for unfinished jobs....
../../lib/libns3.41-wifi-debug.so: file not recognized: file format not recognized
collect2: error: ld returned 1 exit status
gmake[3]: *** [src/aodv/CMakeFiles/libaodv.dir/build.make:97: lib/libns3.41-aodv-debug.so] Error 1
gmake[2]: *** [CMakeFiles/Makefile2:2553: src/aodv/CMakeFiles/libaodv.dir/all] Error 2
gmake[2]: *** Waiting for unfinished jobs....
../../lib/libns3.41-wifi-debug.so: file not recognized: file format not recognized
collect2: error: ld returned 1 exit status
gmake[3]: *** [src/aodv/CMakeFiles/libaodv.dir/build.make:97: lib/libns3.41-aodv-debug.so] Error 1
gmake[2]: *** [CMakeFiles/Makefile2:2553: src/aodv/CMakeFiles/libaodv.dir/all] Error 2
gmake[2]: *** Waiting for unfinished jobs....
../../lib/libns3.41-wifi-debug.so: file not recognized: file format not recognized
collect2: error: ld returned 1 exit status
gmake[3]: *** [src/mesh/CMakeFiles/libmesh.dir/build.make:147: lib/libns3.41-mesh-debug.so] Error 1
gmake[2]: *** [CMakeFiles/Makefile2:3738: src/mesh/CMakeFiles/libmesh.dir/all] Error 2
../../lib/libns3.41-wifi-debug.so: file not recognized: file format not recognized
collect2: error: ld returned 1 exit status
gmake[3]: *** [src/mesh/CMakeFiles/libmesh.dir/build.make:147: lib/libns3.41-mesh-debug.so] Error 1
gmake[2]: *** [CMakeFiles/Makefile2:3738: src/mesh/CMakeFiles/libmesh.dir/all] Error 2
../../lib/libns3.41-wifi-debug.so: file not recognized: file format not recognized
collect2: error: ld returned 1 exit status
gmake[3]: *** [src/aodv/CMakeFiles/libaodv.dir/build.make:97: lib/libns3.41-aodv-debug.so] Error 1
gmake[2]: *** [CMakeFiles/Makefile2:2553: src/aodv/CMakeFiles/libaodv.dir/all] Error 2
gmake[2]: *** Waiting for unfinished jobs....
../../lib/libns3.41-wifi-debug.so: file not recognized: file format not recognized
collect2: error: ld returned 1 exit status
gmake[3]: *** [src/aodv/CMakeFiles/libaodv.dir/build.make:97: lib/libns3.41-aodv-debug.so] Error 1
gmake[2]: *** [CMakeFiles/Makefile2:2553: src/aodv/CMakeFiles/libaodv.dir/all] Error 2
gmake[2]: *** Waiting for unfinished jobs....
gmake[1]: *** [CMakeFiles/Makefile2:5169: scratch/ECNMC/CMakeFiles/scratch_ECNMC_DatacenterSimulation.dir/rule] Error 2
gmake: *** [Makefile:1977: scratch_ECNMC_DatacenterSimulation] Error 2
mv: cannot stat '/media/experiments/ns-allinone-3.41/ns-3.41/scratch/ECNMC/results_reverse/8/*.csv': No such file or directory
/usr/bin/ld: failed to set dynamic section sizes: file truncated
collect2: error: ld returned 1 exit status
gmake[3]: *** [src/lte/CMakeFiles/liblte.dir/build.make:338: lib/libns3.41-lte-debug.so] Error 1
gmake[2]: *** [CMakeFiles/Makefile2:3662: src/lte/CMakeFiles/liblte.dir/all] Error 2
gmake[1]: *** [CMakeFiles/Makefile2:5169: scratch/ECNMC/CMakeFiles/scratch_ECNMC_DatacenterSimulation.dir/rule] Error 2
gmake: *** [Makefile:1977: scratch_ECNMC_DatacenterSimulation] Error 2
mv: cannot stat '/media/experiments/ns-allinone-3.41/ns-3.41/scratch/ECNMC/results_reverse/6/*.csv': No such file or directory
/usr/bin/ld: failed to set dynamic section sizes: file truncated
collect2: error: ld returned 1 exit status
gmake[3]: *** [src/lte/CMakeFiles/liblte.dir/build.make:338: lib/libns3.41-lte-debug.so] Error 1
gmake[2]: *** [CMakeFiles/Makefile2:3662: src/lte/CMakeFiles/liblte.dir/all] Error 2
gmake[1]: *** [CMakeFiles/Makefile2:5169: scratch/ECNMC/CMakeFiles/scratch_ECNMC_DatacenterSimulation.dir/rule] Error 2
gmake: *** [Makefile:1977: scratch_ECNMC_DatacenterSimulation] Error 2
mv: cannot stat '/media/experiments/ns-allinone-3.41/ns-3.41/scratch/ECNMC/results_reverse/23/*.csv': No such file or directory
gmake[1]: *** [CMakeFiles/Makefile2:5169: scratch/ECNMC/CMakeFiles/scratch_ECNMC_DatacenterSimulation.dir/rule] Error 2
gmake: *** [Makefile:1977: scratch_ECNMC_DatacenterSimulation] Error 2
mv: cannot stat '/media/experiments/ns-allinone-3.41/ns-3.41/scratch/ECNMC/results_reverse/7/*.csv': No such file or directory
gmake[1]: *** [CMakeFiles/Makefile2:5169: scratch/ECNMC/CMakeFiles/scratch_ECNMC_DatacenterSimulation.dir/rule] Error 2
gmake: *** [Makefile:1977: scratch_ECNMC_DatacenterSimulation] Error 2
mv: cannot stat '/media/experiments/ns-allinone-3.41/ns-3.41/scratch/ECNMC/results_reverse/29/*.csv': No such file or directory
gmake[1]: *** [CMakeFiles/Makefile2:5169: scratch/ECNMC/CMakeFiles/scratch_ECNMC_DatacenterSimulation.dir/rule] Error 2
gmake: *** [Makefile:1977: scratch_ECNMC_DatacenterSimulation] Error 2
mv: cannot stat '/media/experiments/ns-allinone-3.41/ns-3.41/scratch/ECNMC/results_reverse/24/*.csv': No such file or directory
/usr/bin/ld: ../../lib/libns3.41-lte-debug.so: _ZNKSt17_Rb_tree_iteratorISt4pairIKNSt7__cxx1112basic_stringIcSt11char_traitsIcESaIcEEEtEEdeEv: invalid version 4083 (max 0)
/usr/bin/ld: ../../lib/libns3.41-lte-debug.so: error adding symbols: bad value
collect2: error: ld returned 1 exit status
gmake[3]: *** [src/netanim/CMakeFiles/libnetanim.dir/build.make:84: lib/libns3.41-netanim-debug.so] Error 1
gmake[2]: *** [CMakeFiles/Makefile2:3890: src/netanim/CMakeFiles/libnetanim.dir/all] Error 2
gmake[2]: *** Waiting for unfinished jobs....
gmake[1]: *** [CMakeFiles/Makefile2:5169: scratch/ECNMC/CMakeFiles/scratch_ECNMC_DatacenterSimulation.dir/rule] Error 2
gmake: *** [Makefile:1977: scratch_ECNMC_DatacenterSimulation] Error 2
mv: cannot stat '/media/experiments/ns-allinone-3.41/ns-3.41/scratch/ECNMC/results_reverse/9/*.csv': No such file or directory
/usr/bin/ld: /usr/lib/gcc/x86_64-linux-gnu/11/../../../x86_64-linux-gnu/Scrt1.o: in function `_start':
(.text+0x1b): undefined reference to `main'
collect2: error: ld returned 1 exit status
gmake[3]: *** [scratch/ECNMC/CMakeFiles/scratch_ECNMC_DatacenterSimulation.dir/build.make:103: scratch/ECNMC/ns3.41-DatacenterSimulation-debug] Error 1
gmake[2]: *** [CMakeFiles/Makefile2:5163: scratch/ECNMC/CMakeFiles/scratch_ECNMC_DatacenterSimulation.dir/all] Error 2
gmake[1]: *** [CMakeFiles/Makefile2:5169: scratch/ECNMC/CMakeFiles/scratch_ECNMC_DatacenterSimulation.dir/rule] Error 2
gmake: *** [Makefile:1977: scratch_ECNMC_DatacenterSimulation] Error 2
mv: cannot stat '/media/experiments/ns-allinone-3.41/ns-3.41/scratch/ECNMC/results_reverse/9/*.csv': No such file or directory
Traceback (most recent call last):
  File "/media/experiments/ns-allinone-3.41/ns-3.41/ns3", line 1914, in <module>
    main()
  File "/media/experiments/ns-allinone-3.41/ns-3.41/ns3", line 1909, in main
    run_step(args, target_to_run, target_args)
  File "/media/experiments/ns-allinone-3.41/ns-3.41/ns3", line 1476, in run_step
    subprocess.run(
  File "/usr/lib/python3.10/subprocess.py", line 503, in run
    with Popen(*popenargs, **kwargs) as process:
  File "/usr/lib/python3.10/subprocess.py", line 971, in __init__
    self._execute_child(args, executable, preexec_fn, close_fds,
  File "/usr/lib/python3.10/subprocess.py", line 1863, in _execute_child
    raise child_exception_type(errno_num, err_msg, err_filename)
OSError: [Errno 26] Text file busy: '/media/experiments/ns-allinone-3.41/ns-3.41/build/scratch/ECNMC/ns3.41-DatacenterSimulation-debug'
Traceback (most recent call last):
  File "/media/experiments/ns-allinone-3.41/ns-3.41/ns3", line 1914, in <module>
    main()
  File "/media/experiments/ns-allinone-3.41/ns-3.41/ns3", line 1909, in main
    run_step(args, target_to_run, target_args)
  File "/media/experiments/ns-allinone-3.41/ns-3.41/ns3", line 1476, in run_step
    subprocess.run(
  File "/usr/lib/python3.10/subprocess.py", line 503, in run
    with Popen(*popenargs, **kwargs) as process:
  File "/usr/lib/python3.10/subprocess.py", line 971, in __init__
    self._execute_child(args, executable, preexec_fn, close_fds,
  File "/usr/lib/python3.10/subprocess.py", line 1863, in _execute_child
    raise child_exception_type(errno_num, err_msg, err_filename)
OSError: [Errno 26] Text file busy: '/media/experiments/ns-allinone-3.41/ns-3.41/build/scratch/ECNMC/ns3.41-DatacenterSimulation-debug'
mv: cannot stat '/media/experiments/ns-allinone-3.41/ns-3.41/scratch/ECNMC/results_reverse/16/*.csv': No such file or directory
mv: cannot stat '/media/experiments/ns-allinone-3.41/ns-3.41/scratch/ECNMC/results_reverse/4/*.csv': No such file or directory
Traceback (most recent call last):
  File "/media/experiments/ns-allinone-3.41/ns-3.41/ns3", line 1914, in <module>
    main()
  File "/media/experiments/ns-allinone-3.41/ns-3.41/ns3", line 1909, in main
    run_step(args, target_to_run, target_args)
  File "/media/experiments/ns-allinone-3.41/ns-3.41/ns3", line 1476, in run_step
    subprocess.run(
  File "/usr/lib/python3.10/subprocess.py", line 503, in run
    with Popen(*popenargs, **kwargs) as process:
  File "/usr/lib/python3.10/subprocess.py", line 971, in __init__
    self._execute_child(args, executable, preexec_fn, close_fds,
  File "/usr/lib/python3.10/subprocess.py", line 1863, in _execute_child
    raise child_exception_type(errno_num, err_msg, err_filename)
OSError: [Errno 26] Text file busy: '/media/experiments/ns-allinone-3.41/ns-3.41/build/scratch/ECNMC/ns3.41-DatacenterSimulation-debug'
mv: cannot stat '/media/experiments/ns-allinone-3.41/ns-3.41/scratch/ECNMC/results_reverse/9/*.csv': No such file or directory
Traceback (most recent call last):
  File "/media/experiments/ns-allinone-3.41/ns-3.41/ns3", line 1914, in <module>
    main()
  File "/media/experiments/ns-allinone-3.41/ns-3.41/ns3", line 1909, in main
    run_step(args, target_to_run, target_args)
  File "/media/experiments/ns-allinone-3.41/ns-3.41/ns3", line 1476, in run_step
    subprocess.run(
  File "/usr/lib/python3.10/subprocess.py", line 503, in run
    with Popen(*popenargs, **kwargs) as process:
  File "/usr/lib/python3.10/subprocess.py", line 971, in __init__
    self._execute_child(args, executable, preexec_fn, close_fds,
  File "/usr/lib/python3.10/subprocess.py", line 1863, in _execute_child
    raise child_exception_type(errno_num, err_msg, err_filename)
OSError: [Errno 26] Text file busy: '/media/experiments/ns-allinone-3.41/ns-3.41/build/scratch/ECNMC/ns3.41-DatacenterSimulation-debug'
mv: cannot stat '/media/experiments/ns-allinone-3.41/ns-3.41/scratch/ECNMC/results_reverse/27/*.csv': No such file or directory
Traceback (most recent call last):
  File "/media/experiments/ns-allinone-3.41/ns-3.41/ns3", line 1914, in <module>
    main()
  File "/media/experiments/ns-allinone-3.41/ns-3.41/ns3", line 1909, in main
    run_step(args, target_to_run, target_args)
  File "/media/experiments/ns-allinone-3.41/ns-3.41/ns3", line 1476, in run_step
    subprocess.run(
  File "/usr/lib/python3.10/subprocess.py", line 503, in run
    with Popen(*popenargs, **kwargs) as process:
  File "/usr/lib/python3.10/subprocess.py", line 971, in __init__
    self._execute_child(args, executable, preexec_fn, close_fds,
  File "/usr/lib/python3.10/subprocess.py", line 1863, in _execute_child
    raise child_exception_type(errno_num, err_msg, err_filename)
OSError: [Errno 26] Text file busy: '/media/experiments/ns-allinone-3.41/ns-3.41/build/scratch/ECNMC/ns3.41-DatacenterSimulation-debug'
mv: cannot stat '/media/experiments/ns-allinone-3.41/ns-3.41/scratch/ECNMC/results_reverse/24/*.csv': No such file or directory
Traceback (most recent call last):
  File "/media/experiments/ns-allinone-3.41/ns-3.41/ns3", line 1914, in <module>
    main()
  File "/media/experiments/ns-allinone-3.41/ns-3.41/ns3", line 1909, in main
    run_step(args, target_to_run, target_args)
  File "/media/experiments/ns-allinone-3.41/ns-3.41/ns3", line 1476, in run_step
    subprocess.run(
  File "/usr/lib/python3.10/subprocess.py", line 503, in run
    with Popen(*popenargs, **kwargs) as process:
  File "/usr/lib/python3.10/subprocess.py", line 971, in __init__
    self._execute_child(args, executable, preexec_fn, close_fds,
  File "/usr/lib/python3.10/subprocess.py", line 1863, in _execute_child
    raise child_exception_type(errno_num, err_msg, err_filename)
OSError: [Errno 26] Text file busy: '/media/experiments/ns-allinone-3.41/ns-3.41/build/scratch/ECNMC/ns3.41-DatacenterSimulation-debug'
mv: cannot stat '/media/experiments/ns-allinone-3.41/ns-3.41/scratch/ECNMC/results_reverse/1/*.csv': No such file or directory
Traceback (most recent call last):
  File "/media/experiments/ns-allinone-3.41/ns-3.41/ns3", line 1914, in <module>
    main()
  File "/media/experiments/ns-allinone-3.41/ns-3.41/ns3", line 1909, in main
    run_step(args, target_to_run, target_args)
  File "/media/experiments/ns-allinone-3.41/ns-3.41/ns3", line 1476, in run_step
    subprocess.run(
  File "/usr/lib/python3.10/subprocess.py", line 503, in run
    with Popen(*popenargs, **kwargs) as process:
  File "/usr/lib/python3.10/subprocess.py", line 971, in __init__
    self._execute_child(args, executable, preexec_fn, close_fds,
  File "/usr/lib/python3.10/subprocess.py", line 1863, in _execute_child
    raise child_exception_type(errno_num, err_msg, err_filename)
OSError: [Errno 26] Text file busy: '/media/experiments/ns-allinone-3.41/ns-3.41/build/scratch/ECNMC/ns3.41-DatacenterSimulation-debug'
mv: cannot stat '/media/experiments/ns-allinone-3.41/ns-3.41/scratch/ECNMC/results_reverse/16/*.csv': No such file or directory
Traceback (most recent call last):
  File "/media/experiments/ns-allinone-3.41/ns-3.41/ns3", line 1914, in <module>
    main()
  File "/media/experiments/ns-allinone-3.41/ns-3.41/ns3", line 1909, in main
    run_step(args, target_to_run, target_args)
  File "/media/experiments/ns-allinone-3.41/ns-3.41/ns3", line 1476, in run_step
    subprocess.run(
  File "/usr/lib/python3.10/subprocess.py", line 503, in run
    with Popen(*popenargs, **kwargs) as process:
  File "/usr/lib/python3.10/subprocess.py", line 971, in __init__
    self._execute_child(args, executable, preexec_fn, close_fds,
  File "/usr/lib/python3.10/subprocess.py", line 1863, in _execute_child
    raise child_exception_type(errno_num, err_msg, err_filename)
OSError: [Errno 26] Text file busy: '/media/experiments/ns-allinone-3.41/ns-3.41/build/scratch/ECNMC/ns3.41-DatacenterSimulation-debug'
mv: cannot stat '/media/experiments/ns-allinone-3.41/ns-3.41/scratch/ECNMC/results_reverse/8/*.csv': No such file or directory
Traceback (most recent call last):
  File "/media/experiments/ns-allinone-3.41/ns-3.41/ns3", line 1914, in <module>
    main()
  File "/media/experiments/ns-allinone-3.41/ns-3.41/ns3", line 1909, in main
    run_step(args, target_to_run, target_args)
  File "/media/experiments/ns-allinone-3.41/ns-3.41/ns3", line 1476, in run_step
    subprocess.run(
  File "/usr/lib/python3.10/subprocess.py", line 503, in run
    with Popen(*popenargs, **kwargs) as process:
  File "/usr/lib/python3.10/subprocess.py", line 971, in __init__
    self._execute_child(args, executable, preexec_fn, close_fds,
  File "/usr/lib/python3.10/subprocess.py", line 1863, in _execute_child
    raise child_exception_type(errno_num, err_msg, err_filename)
OSError: [Errno 26] Text file busy: '/media/experiments/ns-allinone-3.41/ns-3.41/build/scratch/ECNMC/ns3.41-DatacenterSimulation-debug'
mv: cannot stat '/media/experiments/ns-allinone-3.41/ns-3.41/scratch/ECNMC/results_reverse/23/*.csv': No such file or directory
Traceback (most recent call last):
  File "/media/experiments/ns-allinone-3.41/ns-3.41/ns3", line 1914, in <module>
    main()
  File "/media/experiments/ns-allinone-3.41/ns-3.41/ns3", line 1909, in main
    run_step(args, target_to_run, target_args)
  File "/media/experiments/ns-allinone-3.41/ns-3.41/ns3", line 1476, in run_step
    subprocess.run(
  File "/usr/lib/python3.10/subprocess.py", line 503, in run
    with Popen(*popenargs, **kwargs) as process:
  File "/usr/lib/python3.10/subprocess.py", line 971, in __init__
    self._execute_child(args, executable, preexec_fn, close_fds,
  File "/usr/lib/python3.10/subprocess.py", line 1863, in _execute_child
    raise child_exception_type(errno_num, err_msg, err_filename)
OSError: [Errno 26] Text file busy: '/media/experiments/ns-allinone-3.41/ns-3.41/build/scratch/ECNMC/ns3.41-DatacenterSimulation-debug'
mv: cannot stat '/media/experiments/ns-allinone-3.41/ns-3.41/scratch/ECNMC/results_reverse/29/*.csv': No such file or directory
Traceback (most recent call last):
  File "/media/experiments/ns-allinone-3.41/ns-3.41/ns3", line 1914, in <module>
    main()
  File "/media/experiments/ns-allinone-3.41/ns-3.41/ns3", line 1909, in main
    run_step(args, target_to_run, target_args)
  File "/media/experiments/ns-allinone-3.41/ns-3.41/ns3", line 1476, in run_step
    subprocess.run(
  File "/usr/lib/python3.10/subprocess.py", line 503, in run
    with Popen(*popenargs, **kwargs) as process:
  File "/usr/lib/python3.10/subprocess.py", line 971, in __init__
    self._execute_child(args, executable, preexec_fn, close_fds,
  File "/usr/lib/python3.10/subprocess.py", line 1863, in _execute_child
    raise child_exception_type(errno_num, err_msg, err_filename)
OSError: [Errno 26] Text file busy: '/media/experiments/ns-allinone-3.41/ns-3.41/build/scratch/ECNMC/ns3.41-DatacenterSimulation-debug'
mv: cannot stat '/media/experiments/ns-allinone-3.41/ns-3.41/scratch/ECNMC/results_reverse/4/*.csv': No such file or directory
Traceback (most recent call last):
  File "/media/experiments/ns-allinone-3.41/ns-3.41/ns3", line 1914, in <module>
    main()
  File "/media/experiments/ns-allinone-3.41/ns-3.41/ns3", line 1909, in main
    run_step(args, target_to_run, target_args)
  File "/media/experiments/ns-allinone-3.41/ns-3.41/ns3", line 1476, in run_step
    subprocess.run(
  File "/usr/lib/python3.10/subprocess.py", line 503, in run
    with Popen(*popenargs, **kwargs) as process:
  File "/usr/lib/python3.10/subprocess.py", line 971, in __init__
    self._execute_child(args, executable, preexec_fn, close_fds,
  File "/usr/lib/python3.10/subprocess.py", line 1863, in _execute_child
    raise child_exception_type(errno_num, err_msg, err_filename)
PermissionError: [Errno 13] Permission denied: '/media/experiments/ns-allinone-3.41/ns-3.41/build/scratch/ECNMC/ns3.41-DatacenterSimulation-debug'
Traceback (most recent call last):
  File "/media/experiments/ns-allinone-3.41/ns-3.41/ns3", line 1914, in <module>
    main()
  File "/media/experiments/ns-allinone-3.41/ns-3.41/ns3", line 1909, in main
    run_step(args, target_to_run, target_args)
  File "/media/experiments/ns-allinone-3.41/ns-3.41/ns3", line 1476, in run_step
    subprocess.run(
  File "/usr/lib/python3.10/subprocess.py", line 503, in run
    with Popen(*popenargs, **kwargs) as process:
  File "/usr/lib/python3.10/subprocess.py", line 971, in __init__
    self._execute_child(args, executable, preexec_fn, close_fds,
  File "/usr/lib/python3.10/subprocess.py", line 1863, in _execute_child
    raise child_exception_type(errno_num, err_msg, err_filename)
PermissionError: [Errno 13] Permission denied: '/media/experiments/ns-allinone-3.41/ns-3.41/build/scratch/ECNMC/ns3.41-DatacenterSimulation-debug'
mv: cannot stat '/media/experiments/ns-allinone-3.41/ns-3.41/scratch/ECNMC/results_reverse/27/*.csv': No such file or directory
mv: cannot stat '/media/experiments/ns-allinone-3.41/ns-3.41/scratch/ECNMC/results_reverse/9/*.csv': No such file or directory
Traceback (most recent call last):
  File "/media/experiments/ns-allinone-3.41/ns-3.41/ns3", line 1914, in <module>
    main()
  File "/media/experiments/ns-allinone-3.41/ns-3.41/ns3", line 1909, in main
    run_step(args, target_to_run, target_args)
  File "/media/experiments/ns-allinone-3.41/ns-3.41/ns3", line 1476, in run_step
    subprocess.run(
  File "/usr/lib/python3.10/subprocess.py", line 503, in run
    with Popen(*popenargs, **kwargs) as process:
  File "/usr/lib/python3.10/subprocess.py", line 971, in __init__
    self._execute_child(args, executable, preexec_fn, close_fds,
  File "/usr/lib/python3.10/subprocess.py", line 1863, in _execute_child
    raise child_exception_type(errno_num, err_msg, err_filename)
OSError: [Errno 26] Text file busy: '/media/experiments/ns-allinone-3.41/ns-3.41/build/scratch/ECNMC/ns3.41-DatacenterSimulation-debug'
mv: cannot stat '/media/experiments/ns-allinone-3.41/ns-3.41/scratch/ECNMC/results_reverse/3/*.csv': No such file or directory
Traceback (most recent call last):
  File "/media/experiments/ns-allinone-3.41/ns-3.41/ns3", line 1914, in <module>
    main()
  File "/media/experiments/ns-allinone-3.41/ns-3.41/ns3", line 1909, in main
    run_step(args, target_to_run, target_args)
  File "/media/experiments/ns-allinone-3.41/ns-3.41/ns3", line 1476, in run_step
    subprocess.run(
  File "/usr/lib/python3.10/subprocess.py", line 503, in run
    with Popen(*popenargs, **kwargs) as process:
  File "/usr/lib/python3.10/subprocess.py", line 971, in __init__
    self._execute_child(args, executable, preexec_fn, close_fds,
  File "/usr/lib/python3.10/subprocess.py", line 1863, in _execute_child
    raise child_exception_type(errno_num, err_msg, err_filename)
OSError: [Errno 26] Text file busy: '/media/experiments/ns-allinone-3.41/ns-3.41/build/scratch/ECNMC/ns3.41-DatacenterSimulation-debug'
Traceback (most recent call last):
  File "/media/experiments/ns-allinone-3.41/ns-3.41/ns3", line 1914, in <module>
    main()
  File "/media/experiments/ns-allinone-3.41/ns-3.41/ns3", line 1909, in main
    run_step(args, target_to_run, target_args)
  File "/media/experiments/ns-allinone-3.41/ns-3.41/ns3", line 1476, in run_step
    subprocess.run(
  File "/usr/lib/python3.10/subprocess.py", line 503, in run
mv: cannot stat '/media/experiments/ns-allinone-3.41/ns-3.41/scratch/ECNMC/results_reverse/1/*.csv': No such file or directory    with Popen(*popenargs, **kwargs) as process:

  File "/usr/lib/python3.10/subprocess.py", line 971, in __init__
    self._execute_child(args, executable, preexec_fn, close_fds,
  File "/usr/lib/python3.10/subprocess.py", line 1863, in _execute_child
    raise child_exception_type(errno_num, err_msg, err_filename)
OSError: [Errno 26] Text file busy: '/media/experiments/ns-allinone-3.41/ns-3.41/build/scratch/ECNMC/ns3.41-DatacenterSimulation-debug'
mv: cannot stat '/media/experiments/ns-allinone-3.41/ns-3.41/scratch/ECNMC/results_reverse/24/*.csv': No such file or directory
Traceback (most recent call last):
  File "/media/experiments/ns-allinone-3.41/ns-3.41/ns3", line 1914, in <module>
    main()
  File "/media/experiments/ns-allinone-3.41/ns-3.41/ns3", line 1909, in main
    run_step(args, target_to_run, target_args)
  File "/media/experiments/ns-allinone-3.41/ns-3.41/ns3", line 1476, in run_step
    subprocess.run(
  File "/usr/lib/python3.10/subprocess.py", line 503, in run
    with Popen(*popenargs, **kwargs) as process:
  File "/usr/lib/python3.10/subprocess.py", line 971, in __init__
    self._execute_child(args, executable, preexec_fn, close_fds,
  File "/usr/lib/python3.10/subprocess.py", line 1863, in _execute_child
    raise child_exception_type(errno_num, err_msg, err_filename)
OSError: [Errno 26] Text file busy: '/media/experiments/ns-allinone-3.41/ns-3.41/build/scratch/ECNMC/ns3.41-DatacenterSimulation-debug'
Traceback (most recent call last):
  File "/media/experiments/ns-allinone-3.41/ns-3.41/ns3", line 1914, in <module>
    main()
  File "/media/experiments/ns-allinone-3.41/ns-3.41/ns3", line 1909, in main
    run_step(args, target_to_run, target_args)
  File "/media/experiments/ns-allinone-3.41/ns-3.41/ns3", line 1476, in run_step
    subprocess.run(
  File "/usr/lib/python3.10/subprocess.py", line 503, in run
    with Popen(*popenargs, **kwargs) as process:
  File "/usr/lib/python3.10/subprocess.py", line 971, in __init__
    self._execute_child(args, executable, preexec_fn, close_fds,
  File "/usr/lib/python3.10/subprocess.py", line 1863, in _execute_child
    raise child_exception_type(errno_num, err_msg, err_filename)
OSError: [Errno 26] Text file busy: '/media/experiments/ns-allinone-3.41/ns-3.41/build/scratch/ECNMC/ns3.41-DatacenterSimulation-debug'
mv: cannot stat '/media/experiments/ns-allinone-3.41/ns-3.41/scratch/ECNMC/results_reverse/16/*.csv': No such file or directory
mv: cannot stat '/media/experiments/ns-allinone-3.41/ns-3.41/scratch/ECNMC/results_reverse/8/*.csv': No such file or directory
Traceback (most recent call last):
  File "/media/experiments/ns-allinone-3.41/ns-3.41/ns3", line 1914, in <module>
    main()
  File "/media/experiments/ns-allinone-3.41/ns-3.41/ns3", line 1909, in main
    run_step(args, target_to_run, target_args)
  File "/media/experiments/ns-allinone-3.41/ns-3.41/ns3", line 1476, in run_step
    subprocess.run(
  File "/usr/lib/python3.10/subprocess.py", line 503, in run
    with Popen(*popenargs, **kwargs) as process:
  File "/usr/lib/python3.10/subprocess.py", line 971, in __init__
    self._execute_child(args, executable, preexec_fn, close_fds,
  File "/usr/lib/python3.10/subprocess.py", line 1863, in _execute_child
    raise child_exception_type(errno_num, err_msg, err_filename)
OSError: [Errno 26] Text file busy: '/media/experiments/ns-allinone-3.41/ns-3.41/build/scratch/ECNMC/ns3.41-DatacenterSimulation-debug'
mv: cannot stat '/media/experiments/ns-allinone-3.41/ns-3.41/scratch/ECNMC/results_reverse/29/*.csv': No such file or directory
Traceback (most recent call last):
  File "/media/experiments/ns-allinone-3.41/ns-3.41/ns3", line 1914, in <module>
    main()
  File "/media/experiments/ns-allinone-3.41/ns-3.41/ns3", line 1909, in main
    run_step(args, target_to_run, target_args)
  File "/media/experiments/ns-allinone-3.41/ns-3.41/ns3", line 1476, in run_step
    subprocess.run(
  File "/usr/lib/python3.10/subprocess.py", line 503, in run
    with Popen(*popenargs, **kwargs) as process:
  File "/usr/lib/python3.10/subprocess.py", line 971, in __init__
    self._execute_child(args, executable, preexec_fn, close_fds,
  File "/usr/lib/python3.10/subprocess.py", line 1863, in _execute_child
    raise child_exception_type(errno_num, err_msg, err_filename)
OSError: [Errno 26] Text file busy: '/media/experiments/ns-allinone-3.41/ns-3.41/build/scratch/ECNMC/ns3.41-DatacenterSimulation-debug'
mv: cannot stat '/media/experiments/ns-allinone-3.41/ns-3.41/scratch/ECNMC/results_reverse/4/*.csv': No such file or directory
Traceback (most recent call last):
  File "/media/experiments/ns-allinone-3.41/ns-3.41/ns3", line 1914, in <module>
    main()
  File "/media/experiments/ns-allinone-3.41/ns-3.41/ns3", line 1909, in main
    run_step(args, target_to_run, target_args)
  File "/media/experiments/ns-allinone-3.41/ns-3.41/ns3", line 1476, in run_step
    subprocess.run(
  File "/usr/lib/python3.10/subprocess.py", line 503, in run
    with Popen(*popenargs, **kwargs) as process:
  File "/usr/lib/python3.10/subprocess.py", line 971, in __init__
    self._execute_child(args, executable, preexec_fn, close_fds,
  File "/usr/lib/python3.10/subprocess.py", line 1863, in _execute_child
    raise child_exception_type(errno_num, err_msg, err_filename)
OSError: [Errno 26] Text file busy: '/media/experiments/ns-allinone-3.41/ns-3.41/build/scratch/ECNMC/ns3.41-DatacenterSimulation-debug'
mv: cannot stat '/media/experiments/ns-allinone-3.41/ns-3.41/scratch/ECNMC/results_reverse/23/*.csv': No such file or directory
Traceback (most recent call last):
  File "/media/experiments/ns-allinone-3.41/ns-3.41/ns3", line 1914, in <module>
    main()
  File "/media/experiments/ns-allinone-3.41/ns-3.41/ns3", line 1909, in main
    run_step(args, target_to_run, target_args)
  File "/media/experiments/ns-allinone-3.41/ns-3.41/ns3", line 1476, in run_step
    subprocess.run(
  File "/usr/lib/python3.10/subprocess.py", line 503, in run
    with Popen(*popenargs, **kwargs) as process:
  File "/usr/lib/python3.10/subprocess.py", line 971, in __init__
    self._execute_child(args, executable, preexec_fn, close_fds,
  File "/usr/lib/python3.10/subprocess.py", line 1863, in _execute_child
    raise child_exception_type(errno_num, err_msg, err_filename)
OSError: [Errno 26] Text file busy: '/media/experiments/ns-allinone-3.41/ns-3.41/build/scratch/ECNMC/ns3.41-DatacenterSimulation-debug'
mv: cannot stat '/media/experiments/ns-allinone-3.41/ns-3.41/scratch/ECNMC/results_reverse/9/*.csv': No such file or directory
Traceback (most recent call last):
  File "/media/experiments/ns-allinone-3.41/ns-3.41/ns3", line 1914, in <module>
    main()
  File "/media/experiments/ns-allinone-3.41/ns-3.41/ns3", line 1909, in main
    run_step(args, target_to_run, target_args)
  File "/media/experiments/ns-allinone-3.41/ns-3.41/ns3", line 1476, in run_step
    subprocess.run(
  File "/usr/lib/python3.10/subprocess.py", line 503, in run
    with Popen(*popenargs, **kwargs) as process:
  File "/usr/lib/python3.10/subprocess.py", line 971, in __init__
    self._execute_child(args, executable, preexec_fn, close_fds,
  File "/usr/lib/python3.10/subprocess.py", line 1863, in _execute_child
    raise child_exception_type(errno_num, err_msg, err_filename)
OSError: [Errno 26] Text file busy: '/media/experiments/ns-allinone-3.41/ns-3.41/build/scratch/ECNMC/ns3.41-DatacenterSimulation-debug'
mv: cannot stat '/media/experiments/ns-allinone-3.41/ns-3.41/scratch/ECNMC/results_reverse/27/*.csv': No such file or directory
Traceback (most recent call last):
  File "/media/experiments/ns-allinone-3.41/ns-3.41/ns3", line 1914, in <module>
    main()
  File "/media/experiments/ns-allinone-3.41/ns-3.41/ns3", line 1909, in main
    run_step(args, target_to_run, target_args)
  File "/media/experiments/ns-allinone-3.41/ns-3.41/ns3", line 1476, in run_step
    subprocess.run(
  File "/usr/lib/python3.10/subprocess.py", line 503, in run
    with Popen(*popenargs, **kwargs) as process:
  File "/usr/lib/python3.10/subprocess.py", line 971, in __init__
    self._execute_child(args, executable, preexec_fn, close_fds,
  File "/usr/lib/python3.10/subprocess.py", line 1863, in _execute_child
    raise child_exception_type(errno_num, err_msg, err_filename)
OSError: [Errno 26] Text file busy: '/media/experiments/ns-allinone-3.41/ns-3.41/build/scratch/ECNMC/ns3.41-DatacenterSimulation-debug'
mv: cannot stat '/media/experiments/ns-allinone-3.41/ns-3.41/scratch/ECNMC/results_reverse/3/*.csv': No such file or directory
Traceback (most recent call last):
  File "/media/experiments/ns-allinone-3.41/ns-3.41/ns3", line 1914, in <module>
    main()
  File "/media/experiments/ns-allinone-3.41/ns-3.41/ns3", line 1909, in main
    run_step(args, target_to_run, target_args)
  File "/media/experiments/ns-allinone-3.41/ns-3.41/ns3", line 1476, in run_step
    subprocess.run(
  File "/usr/lib/python3.10/subprocess.py", line 503, in run
    with Popen(*popenargs, **kwargs) as process:
  File "/usr/lib/python3.10/subprocess.py", line 971, in __init__
    self._execute_child(args, executable, preexec_fn, close_fds,
  File "/usr/lib/python3.10/subprocess.py", line 1863, in _execute_child
    raise child_exception_type(errno_num, err_msg, err_filename)
OSError: [Errno 26] Text file busy: '/media/experiments/ns-allinone-3.41/ns-3.41/build/scratch/ECNMC/ns3.41-DatacenterSimulation-debug'
mv: cannot stat '/media/experiments/ns-allinone-3.41/ns-3.41/scratch/ECNMC/results_reverse/24/*.csv': No such file or directory
Traceback (most recent call last):
  File "/media/experiments/ns-allinone-3.41/ns-3.41/ns3", line 1914, in <module>
    main()
  File "/media/experiments/ns-allinone-3.41/ns-3.41/ns3", line 1909, in main
    run_step(args, target_to_run, target_args)
  File "/media/experiments/ns-allinone-3.41/ns-3.41/ns3", line 1476, in run_step
    subprocess.run(
  File "/usr/lib/python3.10/subprocess.py", line 503, in run
    with Popen(*popenargs, **kwargs) as process:
  File "/usr/lib/python3.10/subprocess.py", line 971, in __init__
    self._execute_child(args, executable, preexec_fn, close_fds,
  File "/usr/lib/python3.10/subprocess.py", line 1863, in _execute_child
    raise child_exception_type(errno_num, err_msg, err_filename)
OSError: [Errno 26] Text file busy: '/media/experiments/ns-allinone-3.41/ns-3.41/build/scratch/ECNMC/ns3.41-DatacenterSimulation-debug'
mv: cannot stat '/media/experiments/ns-allinone-3.41/ns-3.41/scratch/ECNMC/results_reverse/1/*.csv': No such file or directory
Traceback (most recent call last):
  File "/media/experiments/ns-allinone-3.41/ns-3.41/ns3", line 1914, in <module>
    main()
  File "/media/experiments/ns-allinone-3.41/ns-3.41/ns3", line 1909, in main
    run_step(args, target_to_run, target_args)
  File "/media/experiments/ns-allinone-3.41/ns-3.41/ns3", line 1476, in run_step
    subprocess.run(
  File "/usr/lib/python3.10/subprocess.py", line 503, in run
    with Popen(*popenargs, **kwargs) as process:
  File "/usr/lib/python3.10/subprocess.py", line 971, in __init__
    self._execute_child(args, executable, preexec_fn, close_fds,
  File "/usr/lib/python3.10/subprocess.py", line 1863, in _execute_child
    raise child_exception_type(errno_num, err_msg, err_filename)
OSError: [Errno 26] Text file busy: '/media/experiments/ns-allinone-3.41/ns-3.41/build/scratch/ECNMC/ns3.41-DatacenterSimulation-debug'
mv: cannot stat '/media/experiments/ns-allinone-3.41/ns-3.41/scratch/ECNMC/results_reverse/25/*.csv': No such file or directory
Traceback (most recent call last):
  File "/media/experiments/ns-allinone-3.41/ns-3.41/ns3", line 1914, in <module>
    main()
  File "/media/experiments/ns-allinone-3.41/ns-3.41/ns3", line 1909, in main
    run_step(args, target_to_run, target_args)
  File "/media/experiments/ns-allinone-3.41/ns-3.41/ns3", line 1476, in run_step
    subprocess.run(
  File "/usr/lib/python3.10/subprocess.py", line 503, in run
    with Popen(*popenargs, **kwargs) as process:
  File "/usr/lib/python3.10/subprocess.py", line 971, in __init__
    self._execute_child(args, executable, preexec_fn, close_fds,
  File "/usr/lib/python3.10/subprocess.py", line 1863, in _execute_child
    raise child_exception_type(errno_num, err_msg, err_filename)
OSError: [Errno 26] Text file busy: '/media/experiments/ns-allinone-3.41/ns-3.41/build/scratch/ECNMC/ns3.41-DatacenterSimulation-debug'
mv: cannot stat '/media/experiments/ns-allinone-3.41/ns-3.41/scratch/ECNMC/results_reverse/8/*.csv': No such file or directory
Traceback (most recent call last):
  File "/media/experiments/ns-allinone-3.41/ns-3.41/ns3", line 1914, in <module>
    main()
  File "/media/experiments/ns-allinone-3.41/ns-3.41/ns3", line 1909, in main
    run_step(args, target_to_run, target_args)
  File "/media/experiments/ns-allinone-3.41/ns-3.41/ns3", line 1476, in run_step
    subprocess.run(
  File "/usr/lib/python3.10/subprocess.py", line 503, in run
    with Popen(*popenargs, **kwargs) as process:
  File "/usr/lib/python3.10/subprocess.py", line 971, in __init__
    self._execute_child(args, executable, preexec_fn, close_fds,
  File "/usr/lib/python3.10/subprocess.py", line 1863, in _execute_child
    raise child_exception_type(errno_num, err_msg, err_filename)
OSError: [Errno 26] Text file busy: '/media/experiments/ns-allinone-3.41/ns-3.41/build/scratch/ECNMC/ns3.41-DatacenterSimulation-debug'
mv: cannot stat '/media/experiments/ns-allinone-3.41/ns-3.41/scratch/ECNMC/results_reverse/16/*.csv': No such file or directory
Traceback (most recent call last):
  File "/media/experiments/ns-allinone-3.41/ns-3.41/ns3", line 1914, in <module>
    main()
  File "/media/experiments/ns-allinone-3.41/ns-3.41/ns3", line 1909, in main
    run_step(args, target_to_run, target_args)
  File "/media/experiments/ns-allinone-3.41/ns-3.41/ns3", line 1476, in run_step
    subprocess.run(
  File "/usr/lib/python3.10/subprocess.py", line 503, in run
    with Popen(*popenargs, **kwargs) as process:
  File "/usr/lib/python3.10/subprocess.py", line 971, in __init__
    self._execute_child(args, executable, preexec_fn, close_fds,
  File "/usr/lib/python3.10/subprocess.py", line 1863, in _execute_child
    raise child_exception_type(errno_num, err_msg, err_filename)
OSError: [Errno 26] Text file busy: '/media/experiments/ns-allinone-3.41/ns-3.41/build/scratch/ECNMC/ns3.41-DatacenterSimulation-debug'
Traceback (most recent call last):
  File "/media/experiments/ns-allinone-3.41/ns-3.41/ns3", line 1914, in <module>
    main()
  File "/media/experiments/ns-allinone-3.41/ns-3.41/ns3", line 1909, in main
    run_step(args, target_to_run, target_args)
  File "/media/experiments/ns-allinone-3.41/ns-3.41/ns3", line 1476, in run_step
    subprocess.run(
  File "/usr/lib/python3.10/subprocess.py", line 503, in run
    with Popen(*popenargs, **kwargs) as process:
  File "/usr/lib/python3.10/subprocess.py", line 971, in __init__
    self._execute_child(args, executable, preexec_fn, close_fds,
  File "/usr/lib/python3.10/subprocess.py", line 1863, in _execute_child
    raise child_exception_type(errno_num, err_msg, err_filename)
OSError: [Errno 26] Text file busy: '/media/experiments/ns-allinone-3.41/ns-3.41/build/scratch/ECNMC/ns3.41-DatacenterSimulation-debug'
mv: cannot stat '/media/experiments/ns-allinone-3.41/ns-3.41/scratch/ECNMC/results_reverse/4/*.csv': No such file or directory
mv: cannot stat '/media/experiments/ns-allinone-3.41/ns-3.41/scratch/ECNMC/results_reverse/29/*.csv': No such file or directory
Traceback (most recent call last):
  File "/media/experiments/ns-allinone-3.41/ns-3.41/ns3", line 1914, in <module>
    main()
  File "/media/experiments/ns-allinone-3.41/ns-3.41/ns3", line 1909, in main
Traceback (most recent call last):
    run_step(args, target_to_run, target_args)
  File "/media/experiments/ns-allinone-3.41/ns-3.41/ns3", line 1476, in run_step
  File "/media/experiments/ns-allinone-3.41/ns-3.41/ns3", line 1914, in <module>
    subprocess.run(
  File "/usr/lib/python3.10/subprocess.py", line 503, in run
    with Popen(*popenargs, **kwargs) as process:
  File "/usr/lib/python3.10/subprocess.py", line 971, in __init__
    main()
  File "/media/experiments/ns-allinone-3.41/ns-3.41/ns3", line 1909, in main
    self._execute_child(args, executable, preexec_fn, close_fds,
  File "/usr/lib/python3.10/subprocess.py", line 1863, in _execute_child
    raise child_exception_type(errno_num, err_msg, err_filename)
OSError: [Errno 26] Text file busy: '/media/experiments/ns-allinone-3.41/ns-3.41/build/scratch/ECNMC/ns3.41-DatacenterSimulation-debug'
    run_step(args, target_to_run, target_args)
  File "/media/experiments/ns-allinone-3.41/ns-3.41/ns3", line 1476, in run_step
    subprocess.run(
  File "/usr/lib/python3.10/subprocess.py", line 503, in run
    with Popen(*popenargs, **kwargs) as process:
  File "/usr/lib/python3.10/subprocess.py", line 971, in __init__
    self._execute_child(args, executable, preexec_fn, close_fds,
  File "/usr/lib/python3.10/subprocess.py", line 1863, in _execute_child
    raise child_exception_type(errno_num, err_msg, err_filename)
OSError: [Errno 26] Text file busy: '/media/experiments/ns-allinone-3.41/ns-3.41/build/scratch/ECNMC/ns3.41-DatacenterSimulation-debug'
mv: cannot stat '/media/experiments/ns-allinone-3.41/ns-3.41/scratch/ECNMC/results_reverse/27/*.csv': No such file or directory
mv: cannot stat '/media/experiments/ns-allinone-3.41/ns-3.41/scratch/ECNMC/results_reverse/23/*.csv': No such file or directory
Traceback (most recent call last):
  File "/media/experiments/ns-allinone-3.41/ns-3.41/ns3", line 1914, in <module>
    main()
  File "/media/experiments/ns-allinone-3.41/ns-3.41/ns3", line 1909, in main
    run_step(args, target_to_run, target_args)
  File "/media/experiments/ns-allinone-3.41/ns-3.41/ns3", line 1476, in run_step
    subprocess.run(
  File "/usr/lib/python3.10/subprocess.py", line 503, in run
    with Popen(*popenargs, **kwargs) as process:
  File "/usr/lib/python3.10/subprocess.py", line 971, in __init__
    self._execute_child(args, executable, preexec_fn, close_fds,
  File "/usr/lib/python3.10/subprocess.py", line 1863, in _execute_child
    raise child_exception_type(errno_num, err_msg, err_filename)
OSError: [Errno 26] Text file busy: '/media/experiments/ns-allinone-3.41/ns-3.41/build/scratch/ECNMC/ns3.41-DatacenterSimulation-debug'
Traceback (most recent call last):
  File "/media/experiments/ns-allinone-3.41/ns-3.41/ns3", line 1914, in <module>
    main()
  File "/media/experiments/ns-allinone-3.41/ns-3.41/ns3", line 1909, in main
    run_step(args, target_to_run, target_args)
  File "/media/experiments/ns-allinone-3.41/ns-3.41/ns3", line 1476, in run_step
    subprocess.run(
  File "/usr/lib/python3.10/subprocess.py", line 503, in run
    with Popen(*popenargs, **kwargs) as process:
  File "/usr/lib/python3.10/subprocess.py", line 971, in __init__
    self._execute_child(args, executable, preexec_fn, close_fds,
  File "/usr/lib/python3.10/subprocess.py", line 1863, in _execute_child
    raise child_exception_type(errno_num, err_msg, err_filename)
OSError: [Errno 26] Text file busy: '/media/experiments/ns-allinone-3.41/ns-3.41/build/scratch/ECNMC/ns3.41-DatacenterSimulation-debug'
mv: cannot stat '/media/experiments/ns-allinone-3.41/ns-3.41/scratch/ECNMC/results_reverse/21/*.csv': No such file or directory
mv: cannot stat '/media/experiments/ns-allinone-3.41/ns-3.41/scratch/ECNMC/results_reverse/9/*.csv': No such file or directory
Traceback (most recent call last):
  File "/media/experiments/ns-allinone-3.41/ns-3.41/ns3", line 1914, in <module>
    main()
  File "/media/experiments/ns-allinone-3.41/ns-3.41/ns3", line 1909, in main
    run_step(args, target_to_run, target_args)
  File "/media/experiments/ns-allinone-3.41/ns-3.41/ns3", line 1476, in run_step
    subprocess.run(
  File "/usr/lib/python3.10/subprocess.py", line 503, in run
    with Popen(*popenargs, **kwargs) as process:
  File "/usr/lib/python3.10/subprocess.py", line 971, in __init__
    self._execute_child(args, executable, preexec_fn, close_fds,
  File "/usr/lib/python3.10/subprocess.py", line 1863, in _execute_child
    raise child_exception_type(errno_num, err_msg, err_filename)
OSError: [Errno 26] Text file busy: '/media/experiments/ns-allinone-3.41/ns-3.41/build/scratch/ECNMC/ns3.41-DatacenterSimulation-debug'
mv: cannot stat '/media/experiments/ns-allinone-3.41/ns-3.41/scratch/ECNMC/results_reverse/6/*.csv': No such file or directory
	Experiment 5 done
Rate 0.5 done
	Experiment 24 done
Rate 0.5 done
	Experiment 25 done
Rate 0.5 done
	Experiment 23 done
Rate 0.5 done
	Experiment 4 done
Rate 0.5 done
	Experiment 3 done
Rate 0.5 done
	Experiment 19 done
Rate 0.5 done
	Experiment 10 done
Rate 0.5 done
	Experiment 7 done
Rate 0.5 done
	Experiment 0 done
Rate 0.5 done
	Experiment 6 done
Rate 0.5 done
	Experiment 1 done
Rate 0.5 done
	Experiment 27 done
Rate 0.5 done
	Experiment 20 done
Rate 0.5 done
	Experiment 22 done
Rate 0.5 done
	Experiment 15 done
Rate 0.5 done
	Experiment 11 done
Rate 0.5 done
	Experiment 28 done
Rate 0.5 done
	Experiment 26 done
Rate 0.5 done
	Experiment 8 done
Rate 0.5 done
	Experiment 2 done
Rate 0.5 done
	Experiment 21 done
Rate 0.5 done
	Experiment 14 done
Rate 0.5 done
	Experiment 18 done
Rate 0.5 done
	Experiment 29 done
Rate 0.5 done
	Experiment 12 done
Rate 0.5 done
	Experiment 13 done
Rate 0.5 done
	Experiment 16 done
Rate 0.5 done
	Experiment 9 done
Rate 0.5 done
	Experiment 17 done
Rate 0.5 done
	Experiment 5 done
Rate 1.0 done
	Experiment 24 done
Rate 1.0 done
	Experiment 23 done
Rate 1.0 done
	Experiment 25 done
Rate 1.0 done
	Experiment 0 done
Rate 1.0 done
	Experiment 8 done
Rate 1.0 done
	Experiment 3 done
Rate 1.0 done
	Experiment 7 done
Rate 1.0 done
	Experiment 20 done
Rate 1.0 done
	Experiment 6 done
Rate 1.0 done
	Experiment 19 done
Rate 1.0 done
	Experiment 26 done
Rate 1.0 done
	Experiment 11 done
Rate 1.0 done
	Experiment 28 done
Rate 1.0 done
	Experiment 22 done
Rate 1.0 done
	Experiment 15 done
Rate 1.0 done
	Experiment 10 done
Rate 1.0 done
	Experiment 21 done
Rate 1.0 done
	Experiment 2 done
Rate 1.0 done
	Experiment 14 done
Rate 1.0 done
	Experiment 18 done
Rate 1.0 done
	Experiment 4 done
Rate 1.0 done
	Experiment 16 done
Rate 1.0 done
	Experiment 13 done
Rate 1.0 done
	Experiment 27 done
Rate 1.0 done
	Experiment 1 done
Rate 1.0 done
	Experiment 9 done
Rate 1.0 done
	Experiment 17 done
Rate 1.0 done
	Experiment 29 done
Rate 1.0 done
	Experiment 12 done
Rate 1.0 done
	Experiment 23 done
Rate 2.0 done
	Experiment 5 done
Rate 2.0 done
	Experiment 5 done
Rate 3.0 done
	Experiment 5 done
Rate 4.0 done
	Experiment 24 done
Rate 2.0 done
	Experiment 0 done
Rate 2.0 done
	Experiment 8 done
Rate 2.0 done
	Experiment 6 done
Rate 2.0 done
	Experiment 24 done
Rate 3.0 done
	Experiment 7 done
Rate 2.0 done
	Experiment 3 done
Rate 2.0 done
	Experiment 6 done
Rate 3.0 done
	Experiment 28 done
Rate 2.0 done
	Experiment 22 done
Rate 2.0 done
	Experiment 5 done
Rate 5.0 done
	Experiment 8 done
Rate 3.0 done
	Experiment 23 done
Rate 3.0 done
	Experiment 7 done
Rate 3.0 done
	Experiment 5 done
Rate 6.0 done
	Experiment 22 done
Rate 3.0 done
	Experiment 20 done
Rate 2.0 done
	Experiment 6 done
Rate 4.0 done
	Experiment 28 done
Rate 3.0 done
	Experiment 23 done
Rate 4.0 done
	Experiment 8 done
Rate 4.0 done
	Experiment 26 done
Rate 2.0 done
	Experiment 2 done
Rate 2.0 done
	Experiment 15 done
Rate 2.0 done
	Experiment 8 done
Rate 5.0 done
	Experiment 15 done
Rate 3.0 done
	Experiment 3 done
Rate 3.0 done
	Experiment 8 done
Rate 6.0 done
	Experiment 26 done
Rate 3.0 done
	Experiment 23 done
Rate 5.0 done
	Experiment 0 done
Rate 3.0 done
	Experiment 15 done
Rate 4.0 done
	Experiment 7 done
Rate 4.0 done
	Experiment 22 done
Rate 4.0 done
	Experiment 28 done
Rate 4.0 done
	Experiment 3 done
Rate 4.0 done
	Experiment 26 done
Rate 4.0 done
	Experiment 8 done
Rate 7.0 done
	Experiment 2 done
Rate 3.0 done
	Experiment 0 done
Rate 4.0 done
	Experiment 23 done
Rate 6.0 done
	Experiment 15 done
Rate 5.0 done
	Experiment 7 done
Rate 5.0 done
	Experiment 28 done
Rate 5.0 done
	Experiment 3 done
Rate 5.0 done
	Experiment 22 done
Rate 5.0 done
	Experiment 8 done
Rate 9.0 done
	Experiment 26 done
Rate 5.0 done
	Experiment 2 done
Rate 4.0 done
	Experiment 23 done
Rate 7.0 done
	Experiment 0 done
Rate 5.0 done
	Experiment 24 done
Rate 4.0 done
	Experiment 7 done
Rate 6.0 done
	Experiment 15 done
Rate 6.0 done
	Experiment 3 done
Rate 6.0 done
	Experiment 28 done
Rate 6.0 done
	Experiment 26 done
Rate 6.0 done
	Experiment 22 done
Rate 6.0 done
	Experiment 20 done
Rate 3.0 done
	Experiment 8 done
Rate 10.0 done
	Experiment 5 done
Rate 7.0 done
	Experiment 21 done
Rate 2.0 done
	Experiment 10 done
Rate 2.0 done
	Experiment 11 done
Rate 2.0 done
	Experiment 19 done
Rate 2.0 done
	Experiment 18 done
Rate 2.0 done
	Experiment 4 done
Rate 2.0 done
	Experiment 16 done
Rate 2.0 done
	Experiment 25 done
Rate 2.0 done
	Experiment 13 done
Rate 2.0 done
	Experiment 27 done
Rate 2.0 done
	Experiment 14 done
Rate 2.0 done
	Experiment 17 done
Rate 2.0 done
	Experiment 1 done
Rate 2.0 done
	Experiment 9 done
Rate 2.0 done
	Experiment 29 done
Rate 2.0 done
	Experiment 12 done
Rate 2.0 done
	Experiment 6 done
Rate 5.0 done
	Experiment 28 done
Rate 7.0 done
	Experiment 3 done
Rate 7.0 done
	Experiment 22 done
Rate 7.0 done
	Experiment 23 done
Rate 9.0 done
	Experiment 0 done
Rate 6.0 done
	Experiment 8 done
Rate 12.0 done
	Experiment 11 done
Rate 3.0 done
	Experiment 24 done
Rate 5.0 done
	Experiment 20 done
Rate 4.0 done
	Experiment 2 done
Rate 5.0 done
	Experiment 19 done
Rate 3.0 done
	Experiment 10 done
Rate 3.0 done
	Experiment 21 done
Rate 3.0 done
	Experiment 26 done
Rate 7.0 done
	Experiment 18 done
Rate 3.0 done
	Experiment 15 done
Rate 7.0 done
	Experiment 5 done
Rate 9.0 done
	Experiment 25 done
Rate 3.0 done
	Experiment 7 done
Rate 7.0 done
	Experiment 13 done
Rate 3.0 done
	Experiment 14 done
Rate 3.0 done
	Experiment 16 done
Rate 3.0 done
	Experiment 17 done
Rate 3.0 done
	Experiment 27 done
Rate 3.0 done
	Experiment 1 done
Rate 3.0 done
	Experiment 4 done
Rate 3.0 done
	Experiment 29 done
Rate 3.0 done
	Experiment 9 done
Rate 3.0 done
	Experiment 12 done
Rate 3.0 done
	Experiment 28 done
Rate 9.0 done
	Experiment 6 done
Rate 6.0 done
	Experiment 3 done
Rate 9.0 done
	Experiment 22 done
Rate 9.0 done
	Experiment 23 done
Rate 10.0 done
	Experiment 8 done
Rate 14.0 done
	Experiment 0 done
Rate 7.0 done
	Experiment 24 done
Rate 6.0 done
	Experiment 19 done
Rate 4.0 done
	Experiment 11 done
Rate 4.0 done
	Experiment 10 done
Rate 4.0 done
	Experiment 15 done
Rate 9.0 done
	Experiment 26 done
Rate 9.0 done
	Experiment 20 done
Rate 5.0 done
	Experiment 25 done
Rate 4.0 done
	Experiment 5 done
Rate 10.0 done
	Experiment 2 done
Rate 6.0 done
	Experiment 7 done
Rate 9.0 done
	Experiment 13 done
Rate 4.0 done
	Experiment 21 done
Rate 4.0 done
	Experiment 18 done
Rate 4.0 done
	Experiment 14 done
Rate 4.0 done
	Experiment 17 done
Rate 4.0 done
	Experiment 27 done
Rate 4.0 done
	Experiment 4 done
Rate 4.0 done
	Experiment 1 done
Rate 4.0 done
	Experiment 9 done
Rate 4.0 done
	Experiment 29 done
Rate 4.0 done
	Experiment 16 done
Rate 4.0 done
	Experiment 12 done
Rate 4.0 done
	Experiment 6 done
Rate 7.0 done
	Experiment 23 done
Rate 12.0 done
	Experiment 3 done
Rate 10.0 done
	Experiment 22 done
Rate 10.0 done
	Experiment 8 done
Rate 15.0 done
	Experiment 28 done
Rate 10.0 done
	Experiment 0 done
Rate 9.0 done
	Experiment 24 done
Rate 7.0 done
	Experiment 19 done
Rate 5.0 done
	Experiment 15 done
Rate 10.0 done
	Experiment 26 done
Rate 10.0 done
	Experiment 11 done
Rate 5.0 done
	Experiment 25 done
Rate 5.0 done
	Experiment 13 done
Rate 5.0 done
	Experiment 21 done
Rate 5.0 done
	Experiment 7 done
Rate 10.0 done
	Experiment 2 done
Rate 7.0 done
	Experiment 14 done
Rate 5.0 done
	Experiment 5 done
Rate 12.0 done
	Experiment 18 done
Rate 5.0 done
	Experiment 27 done
Rate 5.0 done
	Experiment 10 done
Rate 5.0 done
	Experiment 17 done
Rate 5.0 done
	Experiment 4 done
Rate 5.0 done
	Experiment 20 done
Rate 6.0 done
	Experiment 1 done
Rate 5.0 done
	Experiment 9 done
Rate 5.0 done
	Experiment 16 done
Rate 5.0 done
	Experiment 29 done
Rate 5.0 done
	Experiment 12 done
Rate 5.0 done
	Experiment 22 done
Rate 12.0 done
	Experiment 6 done
Rate 9.0 done
	Experiment 28 done
Rate 12.0 done
	Experiment 23 done
Rate 14.0 done
	Experiment 0 done
Rate 10.0 done
	Experiment 19 done
Rate 6.0 done
	Experiment 15 done
Rate 12.0 done
	Experiment 26 done
Rate 12.0 done
	Experiment 3 done
Rate 12.0 done
	Experiment 25 done
Rate 6.0 done
	Experiment 24 done
Rate 9.0 done
	Experiment 7 done
Rate 12.0 done
	Experiment 21 done
Rate 6.0 done
	Experiment 2 done
Rate 9.0 done
	Experiment 5 done
Rate 14.0 done
	Experiment 11 done
Rate 6.0 done
	Experiment 17 done
Rate 6.0 done
	Experiment 18 done
Rate 6.0 done
	Experiment 13 done
Rate 6.0 done
	Experiment 10 done
Rate 6.0 done
	Experiment 4 done
Rate 6.0 done
	Experiment 27 done
Rate 6.0 done
	Experiment 20 done
Rate 7.0 done
	Experiment 14 done
Rate 6.0 done
	Experiment 1 done
Rate 6.0 done
	Experiment 9 done
Rate 6.0 done
	Experiment 16 done
Rate 6.0 done
	Experiment 29 done
Rate 6.0 done
	Experiment 12 done
Rate 6.0 done
	Experiment 6 done
Rate 10.0 done
	Experiment 22 done
Rate 14.0 done
	Experiment 28 done
Rate 14.0 done
	Experiment 23 done
Rate 15.0 done
	Experiment 19 done
Rate 7.0 done
	Experiment 0 done
Rate 12.0 done
	Experiment 15 done
Rate 14.0 done
	Experiment 26 done
Rate 14.0 done
	Experiment 3 done
Rate 14.0 done
	Experiment 25 done
Rate 7.0 done
	Experiment 24 done
Rate 10.0 done
	Experiment 7 done
Rate 14.0 done
	Experiment 21 done
Rate 7.0 done
	Experiment 17 done
Rate 7.0 done
	Experiment 5 done
Rate 15.0 done
	Experiment 11 done
Rate 7.0 done
	Experiment 13 done
Rate 7.0 done
	Experiment 18 done
Rate 7.0 done
	Experiment 4 done
Rate 7.0 done
	Experiment 20 done
Rate 9.0 done
	Experiment 1 done
Rate 7.0 done
	Experiment 2 done
Rate 10.0 done
	Experiment 14 done
Rate 7.0 done
	Experiment 9 done
Rate 7.0 done
	Experiment 10 done
Rate 7.0 done
	Experiment 16 done
Rate 7.0 done
	Experiment 29 done
Rate 7.0 done
	Experiment 27 done
Rate 7.0 done
	Experiment 12 done
Rate 7.0 done
	Experiment 22 done
Rate 15.0 done
	Experiment 19 done
Rate 9.0 done
	Experiment 6 done
Rate 12.0 done
	Experiment 15 done
Rate 15.0 done
	Experiment 0 done
Rate 14.0 done
	Experiment 28 done
Rate 15.0 done
	Experiment 26 done
Rate 15.0 done
	Experiment 25 done
Rate 9.0 done
	Experiment 3 done
Rate 15.0 done
	Experiment 24 done
Rate 12.0 done
	Experiment 21 done
Rate 9.0 done
	Experiment 7 done
Rate 15.0 done
	Experiment 17 done
Rate 9.0 done
	Experiment 13 done
Rate 9.0 done
	Experiment 11 done
Rate 9.0 done
	Experiment 18 done
Rate 9.0 done
	Experiment 4 done
Rate 9.0 done
	Experiment 20 done
Rate 10.0 done
	Experiment 1 done
Rate 9.0 done
	Experiment 14 done
Rate 9.0 done
	Experiment 2 done
Rate 12.0 done
	Experiment 9 done
Rate 9.0 done
	Experiment 16 done
Rate 9.0 done
	Experiment 29 done
Rate 9.0 done
	Experiment 10 done
Rate 9.0 done
	Experiment 27 done
Rate 9.0 done
	Experiment 12 done
Rate 9.0 done
	Experiment 6 done
Rate 14.0 done
	Experiment 0 done
Rate 15.0 done
	Experiment 25 done
Rate 10.0 done
	Experiment 19 done
Rate 10.0 done
	Experiment 21 done
Rate 10.0 done
	Experiment 24 done
Rate 14.0 done
	Experiment 17 done
Rate 10.0 done
	Experiment 13 done
Rate 10.0 done
	Experiment 11 done
Rate 10.0 done
	Experiment 18 done
Rate 10.0 done
	Experiment 20 done
Rate 12.0 done
	Experiment 4 done
Rate 10.0 done
	Experiment 14 done
Rate 10.0 done
	Experiment 1 done
Rate 10.0 done
	Experiment 2 done
Rate 14.0 done
	Experiment 16 done
Rate 10.0 done
	Experiment 9 done
Rate 10.0 done
	Experiment 10 done
Rate 10.0 done
	Experiment 27 done
Rate 10.0 done
	Experiment 29 done
Rate 10.0 done
	Experiment 12 done
Rate 10.0 done
	Experiment 6 done
Rate 15.0 done
	Experiment 25 done
Rate 12.0 done
	Experiment 24 done
Rate 15.0 done
	Experiment 19 done
Rate 12.0 done
	Experiment 21 done
Rate 12.0 done
	Experiment 17 done
Rate 12.0 done
	Experiment 13 done
Rate 12.0 done
	Experiment 11 done
Rate 12.0 done
	Experiment 18 done
Rate 12.0 done
	Experiment 20 done
Rate 14.0 done
	Experiment 4 done
Rate 12.0 done
	Experiment 14 done
Rate 12.0 done
	Experiment 1 done
Rate 12.0 done
	Experiment 2 done
Rate 15.0 done
	Experiment 9 done
Rate 12.0 done
	Experiment 16 done
Rate 12.0 done
	Experiment 10 done
Rate 12.0 done
	Experiment 29 done
Rate 12.0 done
	Experiment 27 done
Rate 12.0 done
	Experiment 12 done
Rate 12.0 done
	Experiment 19 done
Rate 14.0 done
	Experiment 25 done
Rate 14.0 done
	Experiment 21 done
Rate 14.0 done
	Experiment 17 done
Rate 14.0 done
	Experiment 13 done
Rate 14.0 done
	Experiment 11 done
Rate 14.0 done
	Experiment 18 done
Rate 14.0 done
	Experiment 14 done
Rate 14.0 done
	Experiment 1 done
Rate 14.0 done
	Experiment 4 done
Rate 14.0 done
	Experiment 9 done
Rate 14.0 done
	Experiment 20 done
Rate 15.0 done
	Experiment 16 done
Rate 14.0 done
	Experiment 10 done
Rate 14.0 done
	Experiment 29 done
Rate 14.0 done
	Experiment 27 done
Rate 14.0 done
	Experiment 12 done
Rate 14.0 done
	Experiment 19 done
Rate 15.0 done
	Experiment 25 done
Rate 15.0 done
	Experiment 21 done
Rate 15.0 done
	Experiment 17 done
Rate 15.0 done
	Experiment 13 done
Rate 15.0 done
	Experiment 11 done
Rate 15.0 done
	Experiment 14 done
Rate 15.0 done
	Experiment 1 done
Rate 15.0 done
	Experiment 4 done
Rate 15.0 done
	Experiment 9 done
Rate 15.0 done
	Experiment 18 done
Rate 15.0 done
	Experiment 16 done
Rate 15.0 done
	Experiment 29 done
Rate 15.0 done
	Experiment 10 done
Rate 15.0 done
	Experiment 27 done
Rate 15.0 done
	Experiment 12 done
Rate 15.0 done
	Experiment 23 done
Rate 3.0 done
	Experiment 17 done
Rate 3.0 done
	Experiment 28 done
Rate 3.0 done
	Experiment 0 done
Rate 3.0 done
	Experiment 22 done
Rate 3.0 done
	Experiment 18 done
Rate 3.0 done
	Experiment 2 done
Rate 3.0 done
	Experiment 7 done
Rate 3.0 done
	Experiment 24 done
Rate 3.0 done
	Experiment 15 done
Rate 3.0 done
	Experiment 3 done
Rate 3.0 done
	Experiment 5 done
Rate 3.0 done
	Experiment 21 done
Rate 3.0 done
	Experiment 26 done
Rate 3.0 done
	Experiment 4 done
Rate 3.0 done
	Experiment 25 done
Rate 3.0 done
	Experiment 11 done
Rate 3.0 done
	Experiment 29 done
Rate 3.0 done
	Experiment 16 done
Rate 3.0 done
	Experiment 10 done
Rate 3.0 done
	Experiment 1 done
Rate 3.0 done
	Experiment 19 done
Rate 3.0 done
	Experiment 20 done
Rate 3.0 done
	Experiment 14 done
Rate 3.0 done
	Experiment 8 done
Rate 3.0 done
	Experiment 6 done
Rate 3.0 done
	Experiment 13 done
Rate 3.0 done
	Experiment 12 done
Rate 3.0 done
	Experiment 27 done
Rate 3.0 done
	Experiment 9 done
Rate 3.0 done
	Experiment 17 done
Rate 4.0 done
	Experiment 23 done
Rate 4.0 done
	Experiment 28 done
Rate 4.0 done
	Experiment 0 done
Rate 4.0 done
	Experiment 3 done
Rate 4.0 done
	Experiment 24 done
Rate 4.0 done
	Experiment 5 done
Rate 4.0 done
	Experiment 7 done
Rate 4.0 done
	Experiment 29 done
Rate 4.0 done
	Experiment 22 done
Rate 4.0 done
	Experiment 15 done
Rate 4.0 done
	Experiment 21 done
Rate 4.0 done
	Experiment 19 done
Rate 4.0 done
	Experiment 16 done
Rate 4.0 done
	Experiment 25 done
Rate 4.0 done
	Experiment 11 done
Rate 4.0 done
	Experiment 2 done
Rate 4.0 done
	Experiment 20 done
Rate 4.0 done
	Experiment 26 done
Rate 4.0 done
	Experiment 27 done
Rate 4.0 done
	Experiment 9 done
Rate 4.0 done
	Experiment 6 done
Rate 4.0 done
	Experiment 18 done
Rate 4.0 done
	Experiment 1 done
Rate 4.0 done
	Experiment 12 done
Rate 4.0 done
	Experiment 13 done
Rate 4.0 done
	Experiment 4 done
Rate 4.0 done
	Experiment 10 done
Rate 4.0 done
	Experiment 8 done
Rate 4.0 done
	Experiment 14 done
Rate 4.0 done
	Experiment 28 done
Rate 5.0 done
	Experiment 0 done
Rate 5.0 done
	Experiment 17 done
Rate 5.0 done
	Experiment 24 done
Rate 5.0 done
	Experiment 23 done
Rate 5.0 done
	Experiment 29 done
Rate 5.0 done
	Experiment 22 done
Rate 5.0 done
	Experiment 7 done
Rate 5.0 done
	Experiment 3 done
Rate 5.0 done
	Experiment 16 done
Rate 5.0 done
	Experiment 15 done
Rate 5.0 done
	Experiment 19 done
Rate 5.0 done
	Experiment 5 done
Rate 5.0 done
	Experiment 9 done
Rate 5.0 done
	Experiment 6 done
Rate 5.0 done
	Experiment 2 done
Rate 5.0 done
	Experiment 21 done
Rate 5.0 done
	Experiment 11 done
Rate 5.0 done
	Experiment 25 done
Rate 5.0 done
	Experiment 20 done
Rate 5.0 done
	Experiment 26 done
Rate 5.0 done
	Experiment 12 done
Rate 5.0 done
	Experiment 18 done
Rate 5.0 done
	Experiment 4 done
Rate 5.0 done
	Experiment 27 done
Rate 5.0 done
	Experiment 13 done
Rate 5.0 done
	Experiment 1 done
Rate 5.0 done
	Experiment 8 done
Rate 5.0 done
	Experiment 14 done
Rate 5.0 done
	Experiment 10 done
Rate 5.0 done
	Experiment 28 done
Rate 6.0 done
	Experiment 0 done
Rate 6.0 done
	Experiment 23 done
Rate 6.0 done
	Experiment 24 done
Rate 6.0 done
	Experiment 17 done
Rate 6.0 done
	Experiment 3 done
Rate 6.0 done
	Experiment 7 done
Rate 6.0 done
	Experiment 15 done
Rate 6.0 done
	Experiment 16 done
Rate 6.0 done
	Experiment 19 done
Rate 6.0 done
	Experiment 21 done
Rate 6.0 done
	Experiment 5 done
Rate 6.0 done
	Experiment 6 done
Rate 6.0 done
	Experiment 9 done
Rate 6.0 done
	Experiment 20 done
Rate 6.0 done
	Experiment 25 done
Rate 6.0 done
	Experiment 26 done
Rate 6.0 done
	Experiment 11 done
Rate 6.0 done
	Experiment 18 done
Rate 6.0 done
	Experiment 4 done
Rate 6.0 done
	Experiment 13 done
Rate 6.0 done
	Experiment 27 done
Rate 6.0 done
	Experiment 1 done
Rate 6.0 done
	Experiment 8 done
Rate 6.0 done
	Experiment 14 done
Rate 6.0 done
	Experiment 29 done
Rate 6.0 done
	Experiment 10 done
Rate 6.0 done
	Experiment 2 done
Rate 6.0 done
	Experiment 12 done
Rate 6.0 done
	Experiment 22 done
Rate 6.0 done
	Experiment 28 done
Rate 7.0 done
	Experiment 0 done
Rate 7.0 done
	Experiment 17 done
Rate 7.0 done
	Experiment 23 done
Rate 7.0 done
	Experiment 3 done
Rate 7.0 done
	Experiment 7 done
Rate 7.0 done
	Experiment 15 done
Rate 7.0 done
	Experiment 21 done
Rate 7.0 done
	Experiment 16 done
Rate 7.0 done
	Experiment 6 done
Rate 7.0 done
	Experiment 19 done
Rate 7.0 done
	Experiment 9 done
Rate 7.0 done
	Experiment 20 done
Rate 7.0 done
	Experiment 24 done
Rate 7.0 done
	Experiment 26 done
Rate 7.0 done
	Experiment 25 done
Rate 7.0 done
	Experiment 11 done
Rate 7.0 done
	Experiment 4 done
Rate 7.0 done
	Experiment 13 done
Rate 7.0 done
	Experiment 27 done
Rate 7.0 done
	Experiment 1 done
Rate 7.0 done
	Experiment 8 done
Rate 7.0 done
	Experiment 14 done
Rate 7.0 done
	Experiment 5 done
Rate 7.0 done
	Experiment 18 done
Rate 7.0 done
	Experiment 29 done
Rate 7.0 done
	Experiment 2 done
Rate 7.0 done
	Experiment 12 done
Rate 7.0 done
	Experiment 10 done
Rate 7.0 done
	Experiment 22 done
Rate 7.0 done
	Experiment 28 done
Rate 9.0 done
	Experiment 17 done
Rate 9.0 done
	Experiment 23 done
Rate 9.0 done
	Experiment 0 done
Rate 9.0 done
	Experiment 3 done
Rate 9.0 done
	Experiment 7 done
Rate 9.0 done
	Experiment 15 done
Rate 9.0 done
	Experiment 16 done
Rate 9.0 done
	Experiment 9 done
Rate 9.0 done
	Experiment 21 done
Rate 9.0 done
	Experiment 19 done
Rate 9.0 done
	Experiment 6 done
Rate 9.0 done
	Experiment 24 done
Rate 9.0 done
	Experiment 26 done
Rate 9.0 done
	Experiment 13 done
Rate 9.0 done
	Experiment 4 done
Rate 9.0 done
	Experiment 27 done
Rate 9.0 done
	Experiment 1 done
Rate 9.0 done
	Experiment 8 done
Rate 9.0 done
	Experiment 5 done
Rate 9.0 done
	Experiment 11 done
Rate 9.0 done
	Experiment 29 done
Rate 9.0 done
	Experiment 18 done
Rate 9.0 done
	Experiment 20 done
Rate 9.0 done
	Experiment 25 done
Rate 9.0 done
	Experiment 2 done
Rate 9.0 done
	Experiment 12 done
Rate 9.0 done
	Experiment 10 done
Rate 9.0 done
	Experiment 22 done
Rate 9.0 done
	Experiment 14 done
Rate 9.0 done
	Experiment 28 done
Rate 10.0 done
	Experiment 17 done
Rate 10.0 done
	Experiment 3 done
Rate 10.0 done
	Experiment 0 done
Rate 10.0 done
	Experiment 23 done
Rate 10.0 done
	Experiment 16 done
Rate 10.0 done
	Experiment 9 done
Rate 10.0 done
	Experiment 15 done
Rate 10.0 done
	Experiment 19 done
Rate 10.0 done
	Experiment 21 done
Rate 10.0 done
	Experiment 7 done
Rate 10.0 done
	Experiment 24 done
Rate 10.0 done
	Experiment 26 done
Rate 10.0 done
	Experiment 27 done
Rate 10.0 done
	Experiment 4 done
Rate 10.0 done
	Experiment 8 done
Rate 10.0 done
	Experiment 1 done
Rate 10.0 done
	Experiment 6 done
Rate 10.0 done
	Experiment 11 done
Rate 10.0 done
	Experiment 5 done
Rate 10.0 done
	Experiment 29 done
Rate 10.0 done
	Experiment 18 done
Rate 10.0 done
	Experiment 13 done
Rate 10.0 done
	Experiment 25 done
Rate 10.0 done
	Experiment 20 done
Rate 10.0 done
	Experiment 2 done
Rate 10.0 done
	Experiment 12 done
Rate 10.0 done
	Experiment 10 done
Rate 10.0 done
	Experiment 14 done
Rate 10.0 done
	Experiment 22 done
Rate 10.0 done
